<?xml version="1.0" encoding="UTF-8" standalone="yes"?><!DOCTYPE report PUBLIC "-//JACOCO//DTD Report 1.1//EN" "report.dtd"><report name="onlinebiz-entrust"><sessioninfo id="fv-az205-990-dde08d63" start="1657282282590" dump="1657282285109"/><package name="com/njustc/onlinebiz/entrust/controller"><class name="com/njustc/onlinebiz/entrust/controller/EntrustController" sourcefilename="EntrustController.java"><method name="&lt;init&gt;" desc="(Lcom/njustc/onlinebiz/entrust/service/EntrustService;)V" line="19"><counter type="INSTRUCTION" missed="6" covered="0"/><counter type="LINE" missed="3" covered="0"/><counter type="COMPLEXITY" missed="1" covered="0"/><counter type="METHOD" missed="1" covered="0"/></method><method name="createEntrust" desc="(Ljava/lang/Long;Lcom/njustc/onlinebiz/common/model/Role;Lcom/njustc/onlinebiz/common/model/entrust/EntrustContent;)Ljava/lang/String;" line="30"><counter type="INSTRUCTION" missed="7" covered="0"/><counter type="LINE" missed="1" covered="0"/><counter type="COMPLEXITY" missed="1" covered="0"/><counter type="METHOD" missed="1" covered="0"/></method><method name="getEntrusts" desc="(Ljava/lang/Long;Lcom/njustc/onlinebiz/common/model/Role;Ljava/lang/Integer;Ljava/lang/Integer;)Lcom/njustc/onlinebiz/common/model/PageResult;" line="41"><counter type="INSTRUCTION" missed="8" covered="0"/><counter type="LINE" missed="1" covered="0"/><counter type="COMPLEXITY" missed="1" covered="0"/><counter type="METHOD" missed="1" covered="0"/></method><method name="getEntrust" desc="(Ljava/lang/String;Ljava/lang/Long;Lcom/njustc/onlinebiz/common/model/Role;)Lcom/njustc/onlinebiz/common/model/entrust/Entrust;" line="51"><counter type="INSTRUCTION" missed="7" covered="0"/><counter type="LINE" missed="1" covered="0"/><counter type="COMPLEXITY" missed="1" covered="0"/><counter type="METHOD" missed="1" covered="0"/></method><method name="allocateMarketer" desc="(Ljava/lang/String;Ljava/lang/Long;Lcom/njustc/onlinebiz/common/model/Role;Ljava/lang/Long;)V" line="62"><counter type="INSTRUCTION" missed="8" covered="0"/><counter type="LINE" missed="2" covered="0"/><counter type="COMPLEXITY" missed="1" covered="0"/><counter type="METHOD" missed="1" covered="0"/></method><method name="allocateTester" desc="(Ljava/lang/String;Ljava/lang/Long;Lcom/njustc/onlinebiz/common/model/Role;Ljava/lang/Long;)V" line="73"><counter type="INSTRUCTION" missed="8" covered="0"/><counter type="LINE" missed="2" covered="0"/><counter type="COMPLEXITY" missed="1" covered="0"/><counter type="METHOD" missed="1" covered="0"/></method><method name="updateContent" desc="(Ljava/lang/String;Ljava/lang/Long;Lcom/njustc/onlinebiz/common/model/Role;Lcom/njustc/onlinebiz/common/model/entrust/EntrustContent;)V" line="84"><counter type="INSTRUCTION" missed="8" covered="0"/><counter type="LINE" missed="2" covered="0"/><counter type="COMPLEXITY" missed="1" covered="0"/><counter type="METHOD" missed="1" covered="0"/></method><method name="denyContent" desc="(Ljava/lang/String;Ljava/lang/Long;Lcom/njustc/onlinebiz/common/model/Role;Ljava/lang/String;)V" line="95"><counter type="INSTRUCTION" missed="8" covered="0"/><counter type="LINE" missed="2" covered="0"/><counter type="COMPLEXITY" missed="1" covered="0"/><counter type="METHOD" missed="1" covered="0"/></method><method name="acceptContent" desc="(Ljava/lang/String;Ljava/lang/Long;Lcom/njustc/onlinebiz/common/model/Role;)V" line="105"><counter type="INSTRUCTION" missed="7" covered="0"/><counter type="LINE" missed="2" covered="0"/><counter type="COMPLEXITY" missed="1" covered="0"/><counter type="METHOD" missed="1" covered="0"/></method><method name="updateQuote" desc="(Ljava/lang/String;Ljava/lang/Long;Lcom/njustc/onlinebiz/common/model/Role;Lcom/njustc/onlinebiz/common/model/entrust/EntrustQuote;)V" line="116"><counter type="INSTRUCTION" missed="8" covered="0"/><counter type="LINE" missed="2" covered="0"/><counter type="COMPLEXITY" missed="1" covered="0"/><counter type="METHOD" missed="1" covered="0"/></method><method name="denyQuote" desc="(Ljava/lang/String;Ljava/lang/Long;Lcom/njustc/onlinebiz/common/model/Role;Ljava/lang/String;)V" line="127"><counter type="INSTRUCTION" missed="8" covered="0"/><counter type="LINE" missed="2" covered="0"/><counter type="COMPLEXITY" missed="1" covered="0"/><counter type="METHOD" missed="1" covered="0"/></method><method name="acceptQuote" desc="(Ljava/lang/String;Ljava/lang/Long;Lcom/njustc/onlinebiz/common/model/Role;)V" line="137"><counter type="INSTRUCTION" missed="7" covered="0"/><counter type="LINE" missed="2" covered="0"/><counter type="COMPLEXITY" missed="1" covered="0"/><counter type="METHOD" missed="1" covered="0"/></method><method name="updateSoftwareDocReview" desc="(Ljava/lang/String;Ljava/lang/Long;Lcom/njustc/onlinebiz/common/model/Role;Lcom/njustc/onlinebiz/common/model/entrust/SoftwareDocReview;)V" line="147"><counter type="INSTRUCTION" missed="8" covered="0"/><counter type="LINE" missed="2" covered="0"/><counter type="COMPLEXITY" missed="1" covered="0"/><counter type="METHOD" missed="1" covered="0"/></method><method name="updateReview" desc="(Ljava/lang/String;Ljava/lang/Long;Lcom/njustc/onlinebiz/common/model/Role;Lcom/njustc/onlinebiz/common/model/entrust/EntrustReview;)V" line="158"><counter type="INSTRUCTION" missed="8" covered="0"/><counter type="LINE" missed="2" covered="0"/><counter type="COMPLEXITY" missed="1" covered="0"/><counter type="METHOD" missed="1" covered="0"/></method><method name="terminateEntrust" desc="(Ljava/lang/String;Ljava/lang/Long;Lcom/njustc/onlinebiz/common/model/Role;)V" line="168"><counter type="INSTRUCTION" missed="7" covered="0"/><counter type="LINE" missed="2" covered="0"/><counter type="COMPLEXITY" missed="1" covered="0"/><counter type="METHOD" missed="1" covered="0"/></method><method name="updateStatus" desc="(Ljava/lang/String;Ljava/lang/Long;Lcom/njustc/onlinebiz/common/model/Role;Lcom/njustc/onlinebiz/common/model/entrust/EntrustStatus;)V" line="179"><counter type="INSTRUCTION" missed="8" covered="0"/><counter type="LINE" missed="2" covered="0"/><counter type="COMPLEXITY" missed="1" covered="0"/><counter type="METHOD" missed="1" covered="0"/></method><method name="updateCustomer" desc="(Ljava/lang/String;Ljava/lang/Long;Lcom/njustc/onlinebiz/common/model/Role;Ljava/lang/Long;)V" line="190"><counter type="INSTRUCTION" missed="8" covered="0"/><counter type="LINE" missed="2" covered="0"/><counter type="COMPLEXITY" missed="1" covered="0"/><counter type="METHOD" missed="1" covered="0"/></method><method name="removeEntrust" desc="(Ljava/lang/String;Ljava/lang/Long;Lcom/njustc/onlinebiz/common/model/Role;)V" line="200"><counter type="INSTRUCTION" missed="7" covered="0"/><counter type="LINE" missed="2" covered="0"/><counter type="COMPLEXITY" missed="1" covered="0"/><counter type="METHOD" missed="1" covered="0"/></method><method name="checkConsistencyWithContract" desc="(Ljava/lang/String;Ljava/lang/Long;Lcom/njustc/onlinebiz/common/model/Role;)Ljava/lang/Long;" line="210"><counter type="INSTRUCTION" missed="7" covered="0"/><counter type="LINE" missed="1" covered="0"/><counter type="COMPLEXITY" missed="1" covered="0"/><counter type="METHOD" missed="1" covered="0"/></method><method name="registerContract" desc="(Ljava/lang/String;Ljava/lang/String;)V" line="219"><counter type="INSTRUCTION" missed="6" covered="0"/><counter type="LINE" missed="2" covered="0"/><counter type="COMPLEXITY" missed="1" covered="0"/><counter type="METHOD" missed="1" covered="0"/></method><method name="getTesterId" desc="(Ljava/lang/String;)Ljava/lang/Long;" line="225"><counter type="INSTRUCTION" missed="5" covered="0"/><counter type="LINE" missed="1" covered="0"/><counter type="COMPLEXITY" missed="1" covered="0"/><counter type="METHOD" missed="1" covered="0"/></method><method name="getEntrustDto" desc="(Ljava/lang/String;)Lcom/njustc/onlinebiz/common/model/EntrustDto;" line="231"><counter type="INSTRUCTION" missed="5" covered="0"/><counter type="LINE" missed="1" covered="0"/><counter type="COMPLEXITY" missed="1" covered="0"/><counter type="METHOD" missed="1" covered="0"/></method><method name="registerProject" desc="(Ljava/lang/String;Ljava/lang/String;)V" line="240"><counter type="INSTRUCTION" missed="6" covered="0"/><counter type="LINE" missed="2" covered="0"/><counter type="COMPLEXITY" missed="1" covered="0"/><counter type="METHOD" missed="1" covered="0"/></method><method name="&lt;clinit&gt;" desc="()V" line="12"><counter type="INSTRUCTION" missed="4" covered="0"/><counter type="LINE" missed="1" covered="0"/><counter type="COMPLEXITY" missed="1" covered="0"/><counter type="METHOD" missed="1" covered="0"/></method><counter type="INSTRUCTION" missed="169" covered="0"/><counter type="LINE" missed="42" covered="0"/><counter type="COMPLEXITY" missed="24" covered="0"/><counter type="METHOD" missed="24" covered="0"/><counter type="CLASS" missed="1" covered="0"/></class><class name="com/njustc/onlinebiz/entrust/controller/EntrustControllerAdvice" sourcefilename="EntrustControllerAdvice.java"><method name="&lt;init&gt;" desc="()V" line="10"><counter type="INSTRUCTION" missed="3" covered="0"/><counter type="LINE" missed="1" covered="0"/><counter type="COMPLEXITY" missed="1" covered="0"/><counter type="METHOD" missed="1" covered="0"/></method><method name="handlePermissionDeniedException" desc="(Lcom/njustc/onlinebiz/entrust/exception/EntrustPermissionDeniedException;)Ljava/lang/String;" line="15"><counter type="INSTRUCTION" missed="8" covered="0"/><counter type="LINE" missed="2" covered="0"/><counter type="COMPLEXITY" missed="1" covered="0"/><counter type="METHOD" missed="1" covered="0"/></method><method name="handleDAOFailureException" desc="(Lcom/njustc/onlinebiz/entrust/exception/EntrustDAOFailureException;)Ljava/lang/String;" line="22"><counter type="INSTRUCTION" missed="8" covered="0"/><counter type="LINE" missed="2" covered="0"/><counter type="COMPLEXITY" missed="1" covered="0"/><counter type="METHOD" missed="1" covered="0"/></method><method name="handleInvalidStageException" desc="(Lcom/njustc/onlinebiz/entrust/exception/EntrustInvalidStageException;)Ljava/lang/String;" line="29"><counter type="INSTRUCTION" missed="8" covered="0"/><counter type="LINE" missed="2" covered="0"/><counter type="COMPLEXITY" missed="1" covered="0"/><counter type="METHOD" missed="1" covered="0"/></method><method name="handleNotFoundException" desc="(Lcom/njustc/onlinebiz/entrust/exception/EntrustNotFoundException;)Ljava/lang/String;" line="36"><counter type="INSTRUCTION" missed="8" covered="0"/><counter type="LINE" missed="2" covered="0"/><counter type="COMPLEXITY" missed="1" covered="0"/><counter type="METHOD" missed="1" covered="0"/></method><method name="handleInvalidArgumentException" desc="(Lcom/njustc/onlinebiz/entrust/exception/EntrustInvalidArgumentException;)Ljava/lang/String;" line="43"><counter type="INSTRUCTION" missed="8" covered="0"/><counter type="LINE" missed="2" covered="0"/><counter type="COMPLEXITY" missed="1" covered="0"/><counter type="METHOD" missed="1" covered="0"/></method><method name="&lt;clinit&gt;" desc="()V" line="8"><counter type="INSTRUCTION" missed="4" covered="0"/><counter type="LINE" missed="1" covered="0"/><counter type="COMPLEXITY" missed="1" covered="0"/><counter type="METHOD" missed="1" covered="0"/></method><counter type="INSTRUCTION" missed="47" covered="0"/><counter type="LINE" missed="12" covered="0"/><counter type="COMPLEXITY" missed="7" covered="0"/><counter type="METHOD" missed="7" covered="0"/><counter type="CLASS" missed="1" covered="0"/></class><sourcefile name="EntrustController.java"><line nr="12" mi="4" ci="0" mb="0" cb="0"/><line nr="19" mi="2" ci="0" mb="0" cb="0"/><line nr="20" mi="3" ci="0" mb="0" cb="0"/><line nr="21" mi="1" ci="0" mb="0" cb="0"/><line nr="30" mi="7" ci="0" mb="0" cb="0"/><line nr="41" mi="8" ci="0" mb="0" cb="0"/><line nr="51" mi="7" ci="0" mb="0" cb="0"/><line nr="62" mi="7" ci="0" mb="0" cb="0"/><line nr="63" mi="1" ci="0" mb="0" cb="0"/><line nr="73" mi="7" ci="0" mb="0" cb="0"/><line nr="74" mi="1" ci="0" mb="0" cb="0"/><line nr="84" mi="7" ci="0" mb="0" cb="0"/><line nr="85" mi="1" ci="0" mb="0" cb="0"/><line nr="95" mi="7" ci="0" mb="0" cb="0"/><line nr="96" mi="1" ci="0" mb="0" cb="0"/><line nr="105" mi="6" ci="0" mb="0" cb="0"/><line nr="106" mi="1" ci="0" mb="0" cb="0"/><line nr="116" mi="7" ci="0" mb="0" cb="0"/><line nr="117" mi="1" ci="0" mb="0" cb="0"/><line nr="127" mi="7" ci="0" mb="0" cb="0"/><line nr="128" mi="1" ci="0" mb="0" cb="0"/><line nr="137" mi="6" ci="0" mb="0" cb="0"/><line nr="138" mi="1" ci="0" mb="0" cb="0"/><line nr="147" mi="7" ci="0" mb="0" cb="0"/><line nr="148" mi="1" ci="0" mb="0" cb="0"/><line nr="158" mi="7" ci="0" mb="0" cb="0"/><line nr="159" mi="1" ci="0" mb="0" cb="0"/><line nr="168" mi="6" ci="0" mb="0" cb="0"/><line nr="169" mi="1" ci="0" mb="0" cb="0"/><line nr="179" mi="7" ci="0" mb="0" cb="0"/><line nr="180" mi="1" ci="0" mb="0" cb="0"/><line nr="190" mi="7" ci="0" mb="0" cb="0"/><line nr="191" mi="1" ci="0" mb="0" cb="0"/><line nr="200" mi="6" ci="0" mb="0" cb="0"/><line nr="201" mi="1" ci="0" mb="0" cb="0"/><line nr="210" mi="7" ci="0" mb="0" cb="0"/><line nr="219" mi="5" ci="0" mb="0" cb="0"/><line nr="220" mi="1" ci="0" mb="0" cb="0"/><line nr="225" mi="5" ci="0" mb="0" cb="0"/><line nr="231" mi="5" ci="0" mb="0" cb="0"/><line nr="240" mi="5" ci="0" mb="0" cb="0"/><line nr="241" mi="1" ci="0" mb="0" cb="0"/><counter type="INSTRUCTION" missed="169" covered="0"/><counter type="LINE" missed="42" covered="0"/><counter type="COMPLEXITY" missed="24" covered="0"/><counter type="METHOD" missed="24" covered="0"/><counter type="CLASS" missed="1" covered="0"/></sourcefile><sourcefile name="EntrustControllerAdvice.java"><line nr="8" mi="4" ci="0" mb="0" cb="0"/><line nr="10" mi="3" ci="0" mb="0" cb="0"/><line nr="15" mi="5" ci="0" mb="0" cb="0"/><line nr="16" mi="3" ci="0" mb="0" cb="0"/><line nr="22" mi="5" ci="0" mb="0" cb="0"/><line nr="23" mi="3" ci="0" mb="0" cb="0"/><line nr="29" mi="5" ci="0" mb="0" cb="0"/><line nr="30" mi="3" ci="0" mb="0" cb="0"/><line nr="36" mi="5" ci="0" mb="0" cb="0"/><line nr="37" mi="3" ci="0" mb="0" cb="0"/><line nr="43" mi="5" ci="0" mb="0" cb="0"/><line nr="44" mi="3" ci="0" mb="0" cb="0"/><counter type="INSTRUCTION" missed="47" covered="0"/><counter type="LINE" missed="12" covered="0"/><counter type="COMPLEXITY" missed="7" covered="0"/><counter type="METHOD" missed="7" covered="0"/><counter type="CLASS" missed="1" covered="0"/></sourcefile><counter type="INSTRUCTION" missed="216" covered="0"/><counter type="LINE" missed="54" covered="0"/><counter type="COMPLEXITY" missed="31" covered="0"/><counter type="METHOD" missed="31" covered="0"/><counter type="CLASS" missed="2" covered="0"/></package><package name="com/njustc/onlinebiz/entrust/service"><class name="com/njustc/onlinebiz/entrust/service/EntrustService" sourcefilename="EntrustService.java"/><class name="com/njustc/onlinebiz/entrust/service/DefaultEntrustService" sourcefilename="DefaultEntrustService.java"><method name="&lt;init&gt;" desc="(Lcom/njustc/onlinebiz/entrust/dao/EntrustDAO;)V" line="21"><counter type="INSTRUCTION" missed="0" covered="6"/><counter type="LINE" missed="0" covered="3"/><counter type="COMPLEXITY" missed="0" covered="1"/><counter type="METHOD" missed="0" covered="1"/></method><method name="createEntrust" desc="(Lcom/njustc/onlinebiz/common/model/entrust/EntrustContent;Ljava/lang/Long;Lcom/njustc/onlinebiz/common/model/Role;)Ljava/lang/String;" line="27"><counter type="INSTRUCTION" missed="0" covered="34"/><counter type="BRANCH" missed="1" covered="3"/><counter type="LINE" missed="0" covered="7"/><counter type="COMPLEXITY" missed="1" covered="2"/><counter type="METHOD" missed="0" covered="1"/></method><method name="findEntrust" desc="(Ljava/lang/String;Ljava/lang/Long;Lcom/njustc/onlinebiz/common/model/Role;)Lcom/njustc/onlinebiz/common/model/entrust/Entrust;" line="40"><counter type="INSTRUCTION" missed="0" covered="26"/><counter type="BRANCH" missed="0" covered="4"/><counter type="LINE" missed="0" covered="6"/><counter type="COMPLEXITY" missed="0" covered="3"/><counter type="METHOD" missed="0" covered="1"/></method><method name="hasFindAuthority" desc="(Lcom/njustc/onlinebiz/common/model/entrust/Entrust;Ljava/lang/Long;Lcom/njustc/onlinebiz/common/model/Role;)Ljava/lang/Boolean;" line="52"><counter type="INSTRUCTION" missed="3" covered="39"/><counter type="BRANCH" missed="1" covered="11"/><counter type="LINE" missed="1" covered="8"/><counter type="COMPLEXITY" missed="1" covered="6"/><counter type="METHOD" missed="0" covered="1"/></method><method name="findEntrustOutlines" desc="(Ljava/lang/Integer;Ljava/lang/Integer;Ljava/lang/Long;Lcom/njustc/onlinebiz/common/model/Role;)Lcom/njustc/onlinebiz/common/model/PageResult;" line="66"><counter type="INSTRUCTION" missed="0" covered="94"/><counter type="BRANCH" missed="0" covered="16"/><counter type="LINE" missed="0" covered="16"/><counter type="COMPLEXITY" missed="0" covered="9"/><counter type="METHOD" missed="0" covered="1"/></method><method name="updateContent" desc="(Ljava/lang/String;Lcom/njustc/onlinebiz/common/model/entrust/EntrustContent;Ljava/lang/Long;Lcom/njustc/onlinebiz/common/model/Role;)V" line="92"><counter type="INSTRUCTION" missed="5" covered="58"/><counter type="BRANCH" missed="2" covered="8"/><counter type="LINE" missed="1" covered="11"/><counter type="COMPLEXITY" missed="2" covered="4"/><counter type="METHOD" missed="0" covered="1"/></method><method name="updateMarketer" desc="(Ljava/lang/String;Ljava/lang/Long;Ljava/lang/Long;Lcom/njustc/onlinebiz/common/model/Role;)V" line="115"><counter type="INSTRUCTION" missed="5" covered="51"/><counter type="BRANCH" missed="2" covered="6"/><counter type="LINE" missed="1" covered="9"/><counter type="COMPLEXITY" missed="2" covered="3"/><counter type="METHOD" missed="0" covered="1"/></method><method name="updateTester" desc="(Ljava/lang/String;Ljava/lang/Long;Ljava/lang/Long;Lcom/njustc/onlinebiz/common/model/Role;)V" line="134"><counter type="INSTRUCTION" missed="5" covered="51"/><counter type="BRANCH" missed="2" covered="6"/><counter type="LINE" missed="1" covered="9"/><counter type="COMPLEXITY" missed="2" covered="3"/><counter type="METHOD" missed="0" covered="1"/></method><method name="denyContent" desc="(Ljava/lang/String;Ljava/lang/String;Ljava/lang/Long;Lcom/njustc/onlinebiz/common/model/Role;)V" line="153"><counter type="INSTRUCTION" missed="5" covered="51"/><counter type="BRANCH" missed="1" covered="7"/><counter type="LINE" missed="1" covered="11"/><counter type="COMPLEXITY" missed="1" covered="4"/><counter type="METHOD" missed="0" covered="1"/></method><method name="approveContent" desc="(Ljava/lang/String;Ljava/lang/Long;Lcom/njustc/onlinebiz/common/model/Role;)V" line="176"><counter type="INSTRUCTION" missed="5" covered="51"/><counter type="BRANCH" missed="1" covered="7"/><counter type="LINE" missed="1" covered="11"/><counter type="COMPLEXITY" missed="1" covered="4"/><counter type="METHOD" missed="0" covered="1"/></method><method name="updateSoftwareDocReview" desc="(Ljava/lang/String;Lcom/njustc/onlinebiz/common/model/entrust/SoftwareDocReview;Ljava/lang/Long;Lcom/njustc/onlinebiz/common/model/Role;)V" line="198"><counter type="INSTRUCTION" missed="5" covered="40"/><counter type="BRANCH" missed="3" covered="7"/><counter type="LINE" missed="1" covered="7"/><counter type="COMPLEXITY" missed="3" covered="3"/><counter type="METHOD" missed="0" covered="1"/></method><method name="updateReview" desc="(Ljava/lang/String;Lcom/njustc/onlinebiz/common/model/entrust/EntrustReview;Ljava/lang/Long;Lcom/njustc/onlinebiz/common/model/Role;)V" line="213"><counter type="INSTRUCTION" missed="5" covered="46"/><counter type="BRANCH" missed="1" covered="9"/><counter type="LINE" missed="1" covered="12"/><counter type="COMPLEXITY" missed="1" covered="5"/><counter type="METHOD" missed="0" covered="1"/></method><method name="updateQuote" desc="(Ljava/lang/String;Lcom/njustc/onlinebiz/common/model/entrust/EntrustQuote;Ljava/lang/Long;Lcom/njustc/onlinebiz/common/model/Role;)V" line="232"><counter type="INSTRUCTION" missed="5" covered="54"/><counter type="BRANCH" missed="2" covered="8"/><counter type="LINE" missed="1" covered="9"/><counter type="COMPLEXITY" missed="2" covered="4"/><counter type="METHOD" missed="0" covered="1"/></method><method name="denyQuote" desc="(Ljava/lang/String;Ljava/lang/String;Ljava/lang/Long;Lcom/njustc/onlinebiz/common/model/Role;)V" line="250"><counter type="INSTRUCTION" missed="5" covered="44"/><counter type="BRANCH" missed="1" covered="5"/><counter type="LINE" missed="1" covered="9"/><counter type="COMPLEXITY" missed="1" covered="3"/><counter type="METHOD" missed="0" covered="1"/></method><method name="approveQuote" desc="(Ljava/lang/String;Ljava/lang/Long;Lcom/njustc/onlinebiz/common/model/Role;)V" line="268"><counter type="INSTRUCTION" missed="5" covered="44"/><counter type="BRANCH" missed="1" covered="5"/><counter type="LINE" missed="1" covered="9"/><counter type="COMPLEXITY" missed="1" covered="3"/><counter type="METHOD" missed="0" covered="1"/></method><method name="terminateEntrust" desc="(Ljava/lang/String;Ljava/lang/Long;Lcom/njustc/onlinebiz/common/model/Role;)V" line="286"><counter type="INSTRUCTION" missed="5" covered="44"/><counter type="BRANCH" missed="1" covered="5"/><counter type="LINE" missed="1" covered="9"/><counter type="COMPLEXITY" missed="1" covered="3"/><counter type="METHOD" missed="0" covered="1"/></method><method name="hasUpdateAuthority" desc="(Lcom/njustc/onlinebiz/common/model/entrust/Entrust;Ljava/lang/Long;Lcom/njustc/onlinebiz/common/model/Role;)Ljava/lang/Boolean;" line="304"><counter type="INSTRUCTION" missed="0" covered="83"/><counter type="BRANCH" missed="1" covered="29"/><counter type="LINE" missed="0" covered="17"/><counter type="COMPLEXITY" missed="1" covered="15"/><counter type="METHOD" missed="0" covered="1"/></method><method name="updateCustomer" desc="(Ljava/lang/String;Ljava/lang/Long;Ljava/lang/Long;Lcom/njustc/onlinebiz/common/model/Role;)V" line="331"><counter type="INSTRUCTION" missed="5" covered="23"/><counter type="BRANCH" missed="1" covered="3"/><counter type="LINE" missed="1" covered="5"/><counter type="COMPLEXITY" missed="1" covered="2"/><counter type="METHOD" missed="0" covered="1"/></method><method name="updateStatus" desc="(Ljava/lang/String;Lcom/njustc/onlinebiz/common/model/entrust/EntrustStatus;Ljava/lang/Long;Lcom/njustc/onlinebiz/common/model/Role;)V" line="342"><counter type="INSTRUCTION" missed="5" covered="23"/><counter type="BRANCH" missed="1" covered="3"/><counter type="LINE" missed="1" covered="5"/><counter type="COMPLEXITY" missed="1" covered="2"/><counter type="METHOD" missed="0" covered="1"/></method><method name="removeEntrust" desc="(Ljava/lang/String;Ljava/lang/Long;Lcom/njustc/onlinebiz/common/model/Role;)V" line="353"><counter type="INSTRUCTION" missed="5" covered="22"/><counter type="BRANCH" missed="1" covered="3"/><counter type="LINE" missed="1" covered="5"/><counter type="COMPLEXITY" missed="1" covered="2"/><counter type="METHOD" missed="0" covered="1"/></method><method name="checkConsistencyWithContract" desc="(Ljava/lang/String;Ljava/lang/Long;Lcom/njustc/onlinebiz/common/model/Role;)Ljava/lang/Long;" line="364"><counter type="INSTRUCTION" missed="5" covered="38"/><counter type="BRANCH" missed="3" covered="7"/><counter type="LINE" missed="1" covered="7"/><counter type="COMPLEXITY" missed="3" covered="3"/><counter type="METHOD" missed="0" covered="1"/></method><method name="registerContract" desc="(Ljava/lang/String;Ljava/lang/String;)V" line="383"><counter type="INSTRUCTION" missed="5" covered="8"/><counter type="BRANCH" missed="1" covered="1"/><counter type="LINE" missed="1" covered="2"/><counter type="COMPLEXITY" missed="1" covered="1"/><counter type="METHOD" missed="0" covered="1"/></method><method name="getTesterId" desc="(Ljava/lang/String;)Ljava/lang/Long;" line="390"><counter type="INSTRUCTION" missed="0" covered="15"/><counter type="BRANCH" missed="0" covered="2"/><counter type="LINE" missed="0" covered="4"/><counter type="COMPLEXITY" missed="0" covered="2"/><counter type="METHOD" missed="0" covered="1"/></method><method name="getEntrustDto" desc="(Ljava/lang/String;)Lcom/njustc/onlinebiz/common/model/EntrustDto;" line="399"><counter type="INSTRUCTION" missed="15" covered="0"/><counter type="BRANCH" missed="2" covered="0"/><counter type="LINE" missed="4" covered="0"/><counter type="COMPLEXITY" missed="2" covered="0"/><counter type="METHOD" missed="1" covered="0"/></method><method name="registerProject" desc="(Ljava/lang/String;Ljava/lang/String;)V" line="408"><counter type="INSTRUCTION" missed="13" covered="0"/><counter type="BRANCH" missed="2" covered="0"/><counter type="LINE" missed="3" covered="0"/><counter type="COMPLEXITY" missed="2" covered="0"/><counter type="METHOD" missed="1" covered="0"/></method><method name="&lt;clinit&gt;" desc="()V" line="15"><counter type="INSTRUCTION" missed="0" covered="4"/><counter type="LINE" missed="0" covered="1"/><counter type="COMPLEXITY" missed="0" covered="1"/><counter type="METHOD" missed="0" covered="1"/></method><counter type="INSTRUCTION" missed="111" covered="949"/><counter type="BRANCH" missed="31" covered="155"/><counter type="LINE" missed="24" covered="192"/><counter type="COMPLEXITY" missed="31" covered="88"/><counter type="METHOD" missed="2" covered="24"/><counter type="CLASS" missed="0" covered="1"/></class><sourcefile name="EntrustService.java"/><sourcefile name="DefaultEntrustService.java"><line nr="15" mi="0" ci="4" mb="0" cb="0"/><line nr="21" mi="0" ci="2" mb="0" cb="0"/><line nr="22" mi="0" ci="3" mb="0" cb="0"/><line nr="23" mi="0" ci="1" mb="0" cb="0"/><line nr="27" mi="0" ci="6" mb="1" cb="3"/><line nr="28" mi="0" ci="5" mb="0" cb="0"/><line nr="30" mi="0" ci="4" mb="0" cb="0"/><line nr="31" mi="0" ci="3" mb="0" cb="0"/><line nr="32" mi="0" ci="3" mb="0" cb="0"/><line nr="33" mi="0" ci="7" mb="0" cb="0"/><line nr="34" mi="0" ci="6" mb="0" cb="0"/><line nr="40" mi="0" ci="5" mb="0" cb="0"/><line nr="41" mi="0" ci="2" mb="0" cb="2"/><line nr="42" mi="0" ci="5" mb="0" cb="0"/><line nr="45" mi="0" ci="7" mb="0" cb="2"/><line nr="46" mi="0" ci="2" mb="0" cb="0"/><line nr="48" mi="0" ci="5" mb="0" cb="0"/><line nr="52" mi="0" ci="9" mb="0" cb="6"/><line nr="53" mi="0" ci="3" mb="0" cb="0"/><line nr="54" mi="0" ci="3" mb="0" cb="2"/><line nr="55" mi="0" ci="6" mb="0" cb="0"/><line nr="56" mi="0" ci="3" mb="0" cb="2"/><line nr="57" mi="0" ci="6" mb="0" cb="0"/><line nr="58" mi="0" ci="3" mb="1" cb="1"/><line nr="59" mi="0" ci="6" mb="0" cb="0"/><line nr="61" mi="3" ci="0" mb="0" cb="0"/><line nr="66" mi="0" ci="6" mb="0" cb="4"/><line nr="67" mi="0" ci="5" mb="0" cb="0"/><line nr="72" mi="0" ci="9" mb="0" cb="6"/><line nr="73" mi="0" ci="4" mb="0" cb="0"/><line nr="74" mi="0" ci="7" mb="0" cb="0"/><line nr="75" mi="0" ci="3" mb="0" cb="2"/><line nr="76" mi="0" ci="5" mb="0" cb="0"/><line nr="77" mi="0" ci="8" mb="0" cb="0"/><line nr="78" mi="0" ci="3" mb="0" cb="2"/><line nr="79" mi="0" ci="5" mb="0" cb="0"/><line nr="80" mi="0" ci="8" mb="0" cb="0"/><line nr="81" mi="0" ci="3" mb="0" cb="2"/><line nr="82" mi="0" ci="5" mb="0" cb="0"/><line nr="83" mi="0" ci="8" mb="0" cb="0"/><line nr="85" mi="0" ci="5" mb="0" cb="0"/><line nr="87" mi="0" ci="10" mb="0" cb="0"/><line nr="92" mi="0" ci="6" mb="0" cb="0"/><line nr="94" mi="0" ci="4" mb="0" cb="0"/><line nr="96" mi="0" ci="3" mb="0" cb="2"/><line nr="97" mi="0" ci="3" mb="0" cb="0"/><line nr="98" mi="0" ci="3" mb="0" cb="2"/><line nr="99" mi="0" ci="3" mb="0" cb="0"/><line nr="101" mi="0" ci="5" mb="0" cb="0"/><line nr="104" mi="0" ci="7" mb="0" cb="2"/><line nr="105" mi="0" ci="5" mb="0" cb="0"/><line nr="108" mi="0" ci="18" mb="2" cb="2"/><line nr="109" mi="5" ci="0" mb="0" cb="0"/><line nr="111" mi="0" ci="1" mb="0" cb="0"/><line nr="115" mi="0" ci="6" mb="0" cb="0"/><line nr="117" mi="0" ci="4" mb="0" cb="0"/><line nr="118" mi="0" ci="2" mb="0" cb="0"/><line nr="119" mi="0" ci="3" mb="0" cb="2"/><line nr="120" mi="0" ci="5" mb="0" cb="0"/><line nr="123" mi="0" ci="7" mb="0" cb="2"/><line nr="124" mi="0" ci="5" mb="0" cb="0"/><line nr="127" mi="0" ci="18" mb="2" cb="2"/><line nr="128" mi="5" ci="0" mb="0" cb="0"/><line nr="130" mi="0" ci="1" mb="0" cb="0"/><line nr="134" mi="0" ci="6" mb="0" cb="0"/><line nr="136" mi="0" ci="4" mb="0" cb="0"/><line nr="137" mi="0" ci="2" mb="0" cb="0"/><line nr="138" mi="0" ci="3" mb="0" cb="2"/><line nr="139" mi="0" ci="5" mb="0" cb="0"/><line nr="142" mi="0" ci="7" mb="0" cb="2"/><line nr="143" mi="0" ci="5" mb="0" cb="0"/><line nr="146" mi="0" ci="18" mb="2" cb="2"/><line nr="147" mi="5" ci="0" mb="0" cb="0"/><line nr="149" mi="0" ci="1" mb="0" cb="0"/><line nr="153" mi="0" ci="6" mb="0" cb="0"/><line nr="155" mi="0" ci="4" mb="0" cb="0"/><line nr="157" mi="0" ci="3" mb="0" cb="2"/><line nr="158" mi="0" ci="3" mb="0" cb="0"/><line nr="159" mi="0" ci="3" mb="0" cb="2"/><line nr="160" mi="0" ci="3" mb="0" cb="0"/><line nr="162" mi="0" ci="5" mb="0" cb="0"/><line nr="165" mi="0" ci="7" mb="0" cb="2"/><line nr="166" mi="0" ci="5" mb="0" cb="0"/><line nr="169" mi="0" ci="11" mb="1" cb="1"/><line nr="170" mi="5" ci="0" mb="0" cb="0"/><line nr="172" mi="0" ci="1" mb="0" cb="0"/><line nr="176" mi="0" ci="6" mb="0" cb="0"/><line nr="178" mi="0" ci="4" mb="0" cb="0"/><line nr="180" mi="0" ci="3" mb="0" cb="2"/><line nr="181" mi="0" ci="3" mb="0" cb="0"/><line nr="182" mi="0" ci="3" mb="0" cb="2"/><line nr="183" mi="0" ci="3" mb="0" cb="0"/><line nr="185" mi="0" ci="5" mb="0" cb="0"/><line nr="188" mi="0" ci="7" mb="0" cb="2"/><line nr="189" mi="0" ci="5" mb="0" cb="0"/><line nr="191" mi="0" ci="11" mb="1" cb="1"/><line nr="192" mi="5" ci="0" mb="0" cb="0"/><line nr="194" mi="0" ci="1" mb="0" cb="0"/><line nr="198" mi="0" ci="6" mb="0" cb="0"/><line nr="199" mi="0" ci="5" mb="0" cb="2"/><line nr="200" mi="0" ci="5" mb="0" cb="0"/><line nr="202" mi="0" ci="11" mb="2" cb="4"/><line nr="203" mi="0" ci="5" mb="0" cb="0"/><line nr="205" mi="0" ci="7" mb="1" cb="1"/><line nr="206" mi="0" ci="1" mb="0" cb="0"/><line nr="208" mi="5" ci="0" mb="0" cb="0"/><line nr="213" mi="0" ci="6" mb="0" cb="0"/><line nr="214" mi="0" ci="2" mb="0" cb="0"/><line nr="215" mi="0" ci="3" mb="0" cb="2"/><line nr="216" mi="0" ci="3" mb="0" cb="0"/><line nr="217" mi="0" ci="3" mb="0" cb="2"/><line nr="218" mi="0" ci="6" mb="0" cb="0"/><line nr="219" mi="0" ci="3" mb="0" cb="2"/><line nr="220" mi="0" ci="5" mb="0" cb="0"/><line nr="222" mi="0" ci="2" mb="0" cb="2"/><line nr="223" mi="0" ci="5" mb="0" cb="0"/><line nr="225" mi="0" ci="7" mb="1" cb="1"/><line nr="226" mi="5" ci="0" mb="0" cb="0"/><line nr="228" mi="0" ci="1" mb="0" cb="0"/><line nr="232" mi="0" ci="6" mb="0" cb="0"/><line nr="233" mi="0" ci="4" mb="0" cb="0"/><line nr="234" mi="0" ci="2" mb="0" cb="0"/><line nr="236" mi="0" ci="6" mb="0" cb="4"/><line nr="237" mi="0" ci="5" mb="0" cb="0"/><line nr="240" mi="0" ci="7" mb="0" cb="2"/><line nr="241" mi="0" ci="5" mb="0" cb="0"/><line nr="243" mi="0" ci="18" mb="2" cb="2"/><line nr="244" mi="5" ci="0" mb="0" cb="0"/><line nr="246" mi="0" ci="1" mb="0" cb="0"/><line nr="250" mi="0" ci="6" mb="0" cb="0"/><line nr="251" mi="0" ci="4" mb="0" cb="0"/><line nr="252" mi="0" ci="2" mb="0" cb="0"/><line nr="254" mi="0" ci="3" mb="0" cb="2"/><line nr="255" mi="0" ci="5" mb="0" cb="0"/><line nr="258" mi="0" ci="7" mb="0" cb="2"/><line nr="259" mi="0" ci="5" mb="0" cb="0"/><line nr="261" mi="0" ci="11" mb="1" cb="1"/><line nr="262" mi="5" ci="0" mb="0" cb="0"/><line nr="264" mi="0" ci="1" mb="0" cb="0"/><line nr="268" mi="0" ci="6" mb="0" cb="0"/><line nr="269" mi="0" ci="4" mb="0" cb="0"/><line nr="270" mi="0" ci="2" mb="0" cb="0"/><line nr="272" mi="0" ci="3" mb="0" cb="2"/><line nr="273" mi="0" ci="5" mb="0" cb="0"/><line nr="276" mi="0" ci="7" mb="0" cb="2"/><line nr="277" mi="0" ci="5" mb="0" cb="0"/><line nr="279" mi="0" ci="11" mb="1" cb="1"/><line nr="280" mi="5" ci="0" mb="0" cb="0"/><line nr="282" mi="0" ci="1" mb="0" cb="0"/><line nr="286" mi="0" ci="6" mb="0" cb="0"/><line nr="287" mi="0" ci="4" mb="0" cb="0"/><line nr="288" mi="0" ci="2" mb="0" cb="0"/><line nr="290" mi="0" ci="3" mb="0" cb="2"/><line nr="291" mi="0" ci="5" mb="0" cb="0"/><line nr="294" mi="0" ci="7" mb="0" cb="2"/><line nr="295" mi="0" ci="5" mb="0" cb="0"/><line nr="297" mi="0" ci="11" mb="1" cb="1"/><line nr="298" mi="5" ci="0" mb="0" cb="0"/><line nr="300" mi="0" ci="1" mb="0" cb="0"/><line nr="304" mi="0" ci="4" mb="0" cb="0"/><line nr="305" mi="0" ci="3" mb="0" cb="2"/><line nr="306" mi="0" ci="3" mb="0" cb="0"/><line nr="307" mi="0" ci="3" mb="0" cb="2"/><line nr="308" mi="0" ci="8" mb="0" cb="2"/><line nr="309" mi="0" ci="3" mb="0" cb="2"/><line nr="310" mi="0" ci="8" mb="0" cb="2"/><line nr="311" mi="0" ci="3" mb="0" cb="2"/><line nr="312" mi="0" ci="9" mb="0" cb="6"/><line nr="314" mi="0" ci="6" mb="0" cb="0"/><line nr="316" mi="0" ci="3" mb="0" cb="2"/><line nr="317" mi="0" ci="9" mb="0" cb="6"/><line nr="319" mi="0" ci="6" mb="0" cb="0"/><line nr="321" mi="0" ci="3" mb="1" cb="1"/><line nr="322" mi="0" ci="3" mb="0" cb="2"/><line nr="323" mi="0" ci="6" mb="0" cb="0"/><line nr="326" mi="0" ci="3" mb="0" cb="0"/><line nr="331" mi="0" ci="3" mb="0" cb="2"/><line nr="332" mi="0" ci="5" mb="0" cb="0"/><line nr="334" mi="0" ci="6" mb="0" cb="0"/><line nr="335" mi="0" ci="8" mb="1" cb="1"/><line nr="336" mi="5" ci="0" mb="0" cb="0"/><line nr="338" mi="0" ci="1" mb="0" cb="0"/><line nr="342" mi="0" ci="3" mb="0" cb="2"/><line nr="343" mi="0" ci="5" mb="0" cb="0"/><line nr="345" mi="0" ci="6" mb="0" cb="0"/><line nr="346" mi="0" ci="8" mb="1" cb="1"/><line nr="347" mi="5" ci="0" mb="0" cb="0"/><line nr="349" mi="0" ci="1" mb="0" cb="0"/><line nr="353" mi="0" ci="3" mb="0" cb="2"/><line nr="354" mi="0" ci="5" mb="0" cb="0"/><line nr="356" mi="0" ci="6" mb="0" cb="0"/><line nr="357" mi="0" ci="7" mb="1" cb="1"/><line nr="358" mi="5" ci="0" mb="0" cb="0"/><line nr="360" mi="0" ci="1" mb="0" cb="0"/><line nr="364" mi="0" ci="6" mb="0" cb="0"/><line nr="366" mi="0" ci="3" mb="1" cb="1"/><line nr="367" mi="5" ci="0" mb="0" cb="0"/><line nr="370" mi="0" ci="5" mb="0" cb="2"/><line nr="371" mi="0" ci="5" mb="0" cb="0"/><line nr="374" mi="0" ci="11" mb="2" cb="4"/><line nr="375" mi="0" ci="5" mb="0" cb="0"/><line nr="377" mi="0" ci="3" mb="0" cb="0"/><line nr="383" mi="0" ci="7" mb="1" cb="1"/><line nr="384" mi="5" ci="0" mb="0" cb="0"/><line nr="386" mi="0" ci="1" mb="0" cb="0"/><line nr="390" mi="0" ci="5" mb="0" cb="0"/><line nr="391" mi="0" ci="2" mb="0" cb="2"/><line nr="392" mi="0" ci="5" mb="0" cb="0"/><line nr="394" mi="0" ci="3" mb="0" cb="0"/><line nr="399" mi="5" ci="0" mb="0" cb="0"/><line nr="400" mi="2" ci="0" mb="2" cb="0"/><line nr="401" mi="5" ci="0" mb="0" cb="0"/><line nr="403" mi="3" ci="0" mb="0" cb="0"/><line nr="408" mi="7" ci="0" mb="2" cb="0"/><line nr="409" mi="5" ci="0" mb="0" cb="0"/><line nr="411" mi="1" ci="0" mb="0" cb="0"/><counter type="INSTRUCTION" missed="111" covered="949"/><counter type="BRANCH" missed="31" covered="155"/><counter type="LINE" missed="24" covered="192"/><counter type="COMPLEXITY" missed="31" covered="88"/><counter type="METHOD" missed="2" covered="24"/><counter type="CLASS" missed="0" covered="1"/></sourcefile><counter type="INSTRUCTION" missed="111" covered="949"/><counter type="BRANCH" missed="31" covered="155"/><counter type="LINE" missed="24" covered="192"/><counter type="COMPLEXITY" missed="31" covered="88"/><counter type="METHOD" missed="2" covered="24"/><counter type="CLASS" missed="0" covered="1"/></package><package name="com/njustc/onlinebiz/entrust/dao"><class name="com/njustc/onlinebiz/entrust/dao/EntrustDAO" sourcefilename="EntrustDAO.java"/><class name="com/njustc/onlinebiz/entrust/dao/MongoEntrustDAO" sourcefilename="MongoEntrustDAO.java"><method name="&lt;init&gt;" desc="(Lorg/springframework/data/mongodb/core/MongoTemplate;)V" line="26"><counter type="INSTRUCTION" missed="6" covered="0"/><counter type="LINE" missed="3" covered="0"/><counter type="COMPLEXITY" missed="1" covered="0"/><counter type="METHOD" missed="1" covered="0"/></method><method name="insertEntrust" desc="(Lcom/njustc/onlinebiz/common/model/entrust/Entrust;)Lcom/njustc/onlinebiz/common/model/entrust/Entrust;" line="32"><counter type="INSTRUCTION" missed="7" covered="0"/><counter type="LINE" missed="1" covered="0"/><counter type="COMPLEXITY" missed="1" covered="0"/><counter type="METHOD" missed="1" covered="0"/></method><method name="findEntrustById" desc="(Ljava/lang/String;)Lcom/njustc/onlinebiz/common/model/entrust/Entrust;" line="37"><counter type="INSTRUCTION" missed="7" covered="0"/><counter type="LINE" missed="1" covered="0"/><counter type="COMPLEXITY" missed="1" covered="0"/><counter type="METHOD" missed="1" covered="0"/></method><method name="findAllEntrusts" desc="(Ljava/lang/Integer;Ljava/lang/Integer;)Ljava/util/List;" line="42"><counter type="INSTRUCTION" missed="10" covered="0"/><counter type="LINE" missed="2" covered="0"/><counter type="COMPLEXITY" missed="1" covered="0"/><counter type="METHOD" missed="1" covered="0"/></method><method name="countAll" desc="()J" line="48"><counter type="INSTRUCTION" missed="8" covered="0"/><counter type="LINE" missed="1" covered="0"/><counter type="COMPLEXITY" missed="1" covered="0"/><counter type="METHOD" missed="1" covered="0"/></method><method name="findEntrustsByCustomerId" desc="(Ljava/lang/Long;Ljava/lang/Integer;Ljava/lang/Integer;)Ljava/util/List;" line="53"><counter type="INSTRUCTION" missed="15" covered="0"/><counter type="LINE" missed="2" covered="0"/><counter type="COMPLEXITY" missed="1" covered="0"/><counter type="METHOD" missed="1" covered="0"/></method><method name="countByCustomerId" desc="(Ljava/lang/Long;)J" line="59"><counter type="INSTRUCTION" missed="15" covered="0"/><counter type="LINE" missed="2" covered="0"/><counter type="COMPLEXITY" missed="1" covered="0"/><counter type="METHOD" missed="1" covered="0"/></method><method name="findEntrustsByMarketerId" desc="(Ljava/lang/Long;Ljava/lang/Integer;Ljava/lang/Integer;)Ljava/util/List;" line="65"><counter type="INSTRUCTION" missed="15" covered="0"/><counter type="LINE" missed="2" covered="0"/><counter type="COMPLEXITY" missed="1" covered="0"/><counter type="METHOD" missed="1" covered="0"/></method><method name="countByMarketerId" desc="(Ljava/lang/Long;)J" line="71"><counter type="INSTRUCTION" missed="15" covered="0"/><counter type="LINE" missed="2" covered="0"/><counter type="COMPLEXITY" missed="1" covered="0"/><counter type="METHOD" missed="1" covered="0"/></method><method name="findEntrustsByTesterId" desc="(Ljava/lang/Long;Ljava/lang/Integer;Ljava/lang/Integer;)Ljava/util/List;" line="77"><counter type="INSTRUCTION" missed="15" covered="0"/><counter type="LINE" missed="2" covered="0"/><counter type="COMPLEXITY" missed="1" covered="0"/><counter type="METHOD" missed="1" covered="0"/></method><method name="countByTesterId" desc="(Ljava/lang/Long;)J" line="83"><counter type="INSTRUCTION" missed="15" covered="0"/><counter type="LINE" missed="2" covered="0"/><counter type="COMPLEXITY" missed="1" covered="0"/><counter type="METHOD" missed="1" covered="0"/></method><method name="updateCustomerId" desc="(Ljava/lang/String;Ljava/lang/Long;)Ljava/lang/Boolean;" line="89"><counter type="INSTRUCTION" missed="12" covered="0"/><counter type="LINE" missed="2" covered="0"/><counter type="COMPLEXITY" missed="1" covered="0"/><counter type="METHOD" missed="1" covered="0"/></method><method name="updateMarketerId" desc="(Ljava/lang/String;Ljava/lang/Long;)Ljava/lang/Boolean;" line="95"><counter type="INSTRUCTION" missed="12" covered="0"/><counter type="LINE" missed="2" covered="0"/><counter type="COMPLEXITY" missed="1" covered="0"/><counter type="METHOD" missed="1" covered="0"/></method><method name="updateTesterId" desc="(Ljava/lang/String;Ljava/lang/Long;)Ljava/lang/Boolean;" line="101"><counter type="INSTRUCTION" missed="12" covered="0"/><counter type="LINE" missed="2" covered="0"/><counter type="COMPLEXITY" missed="1" covered="0"/><counter type="METHOD" missed="1" covered="0"/></method><method name="updateContractId" desc="(Ljava/lang/String;Ljava/lang/String;)Ljava/lang/Boolean;" line="107"><counter type="INSTRUCTION" missed="12" covered="0"/><counter type="LINE" missed="2" covered="0"/><counter type="COMPLEXITY" missed="1" covered="0"/><counter type="METHOD" missed="1" covered="0"/></method><method name="updateProjectId" desc="(Ljava/lang/String;Ljava/lang/String;)Ljava/lang/Boolean;" line="113"><counter type="INSTRUCTION" missed="12" covered="0"/><counter type="LINE" missed="2" covered="0"/><counter type="COMPLEXITY" missed="1" covered="0"/><counter type="METHOD" missed="1" covered="0"/></method><method name="updateContent" desc="(Ljava/lang/String;Lcom/njustc/onlinebiz/common/model/entrust/EntrustContent;)Ljava/lang/Boolean;" line="119"><counter type="INSTRUCTION" missed="12" covered="0"/><counter type="LINE" missed="2" covered="0"/><counter type="COMPLEXITY" missed="1" covered="0"/><counter type="METHOD" missed="1" covered="0"/></method><method name="updateSoftwareDocReview" desc="(Ljava/lang/String;Lcom/njustc/onlinebiz/common/model/entrust/SoftwareDocReview;)Ljava/lang/Boolean;" line="125"><counter type="INSTRUCTION" missed="12" covered="0"/><counter type="LINE" missed="2" covered="0"/><counter type="COMPLEXITY" missed="1" covered="0"/><counter type="METHOD" missed="1" covered="0"/></method><method name="updateReview" desc="(Ljava/lang/String;Lcom/njustc/onlinebiz/common/model/entrust/EntrustReview;)Ljava/lang/Boolean;" line="131"><counter type="INSTRUCTION" missed="12" covered="0"/><counter type="LINE" missed="2" covered="0"/><counter type="COMPLEXITY" missed="1" covered="0"/><counter type="METHOD" missed="1" covered="0"/></method><method name="updateQuote" desc="(Ljava/lang/String;Lcom/njustc/onlinebiz/common/model/entrust/EntrustQuote;)Ljava/lang/Boolean;" line="137"><counter type="INSTRUCTION" missed="12" covered="0"/><counter type="LINE" missed="2" covered="0"/><counter type="COMPLEXITY" missed="1" covered="0"/><counter type="METHOD" missed="1" covered="0"/></method><method name="updateStatus" desc="(Ljava/lang/String;Lcom/njustc/onlinebiz/common/model/entrust/EntrustStatus;)Ljava/lang/Boolean;" line="143"><counter type="INSTRUCTION" missed="12" covered="0"/><counter type="LINE" missed="2" covered="0"/><counter type="COMPLEXITY" missed="1" covered="0"/><counter type="METHOD" missed="1" covered="0"/></method><method name="deleteEntrust" desc="(Ljava/lang/String;)Ljava/lang/Boolean;" line="149"><counter type="INSTRUCTION" missed="31" covered="0"/><counter type="BRANCH" missed="4" covered="0"/><counter type="LINE" missed="3" covered="0"/><counter type="COMPLEXITY" missed="3" covered="0"/><counter type="METHOD" missed="1" covered="0"/></method><method name="findWithProjection" desc="(Lorg/springframework/data/mongodb/core/query/Query;Ljava/lang/Integer;Ljava/lang/Integer;)Ljava/util/List;" line="156"><counter type="INSTRUCTION" missed="49" covered="0"/><counter type="LINE" missed="9" covered="0"/><counter type="COMPLEXITY" missed="1" covered="0"/><counter type="METHOD" missed="1" covered="0"/></method><method name="findWithPagination" desc="(Lorg/springframework/data/mongodb/core/query/Query;Ljava/lang/Integer;Ljava/lang/Integer;)Ljava/util/List;" line="171"><counter type="INSTRUCTION" missed="23" covered="0"/><counter type="LINE" missed="3" covered="0"/><counter type="COMPLEXITY" missed="1" covered="0"/><counter type="METHOD" missed="1" covered="0"/></method><method name="updateFirstWithId" desc="(Ljava/lang/String;Lorg/springframework/data/mongodb/core/query/Update;)Ljava/lang/Boolean;" line="179"><counter type="INSTRUCTION" missed="32" covered="0"/><counter type="BRANCH" missed="4" covered="0"/><counter type="LINE" missed="3" covered="0"/><counter type="COMPLEXITY" missed="3" covered="0"/><counter type="METHOD" missed="1" covered="0"/></method><counter type="INSTRUCTION" missed="383" covered="0"/><counter type="BRANCH" missed="8" covered="0"/><counter type="LINE" missed="58" covered="0"/><counter type="COMPLEXITY" missed="29" covered="0"/><counter type="METHOD" missed="25" covered="0"/><counter type="CLASS" missed="1" covered="0"/></class><sourcefile name="EntrustDAO.java"/><sourcefile name="MongoEntrustDAO.java"><line nr="26" mi="2" ci="0" mb="0" cb="0"/><line nr="27" mi="3" ci="0" mb="0" cb="0"/><line nr="28" mi="1" ci="0" mb="0" cb="0"/><line nr="32" mi="7" ci="0" mb="0" cb="0"/><line nr="37" mi="7" ci="0" mb="0" cb="0"/><line nr="42" mi="4" ci="0" mb="0" cb="0"/><line nr="43" mi="6" ci="0" mb="0" cb="0"/><line nr="48" mi="8" ci="0" mb="0" cb="0"/><line nr="53" mi="9" ci="0" mb="0" cb="0"/><line nr="54" mi="6" ci="0" mb="0" cb="0"/><line nr="59" mi="9" ci="0" mb="0" cb="0"/><line nr="60" mi="6" ci="0" mb="0" cb="0"/><line nr="65" mi="9" ci="0" mb="0" cb="0"/><line nr="66" mi="6" ci="0" mb="0" cb="0"/><line nr="71" mi="9" ci="0" mb="0" cb="0"/><line nr="72" mi="6" ci="0" mb="0" cb="0"/><line nr="77" mi="9" ci="0" mb="0" cb="0"/><line nr="78" mi="6" ci="0" mb="0" cb="0"/><line nr="83" mi="9" ci="0" mb="0" cb="0"/><line nr="84" mi="6" ci="0" mb="0" cb="0"/><line nr="89" mi="7" ci="0" mb="0" cb="0"/><line nr="90" mi="5" ci="0" mb="0" cb="0"/><line nr="95" mi="7" ci="0" mb="0" cb="0"/><line nr="96" mi="5" ci="0" mb="0" cb="0"/><line nr="101" mi="7" ci="0" mb="0" cb="0"/><line nr="102" mi="5" ci="0" mb="0" cb="0"/><line nr="107" mi="7" ci="0" mb="0" cb="0"/><line nr="108" mi="5" ci="0" mb="0" cb="0"/><line nr="113" mi="7" ci="0" mb="0" cb="0"/><line nr="114" mi="5" ci="0" mb="0" cb="0"/><line nr="119" mi="7" ci="0" mb="0" cb="0"/><line nr="120" mi="5" ci="0" mb="0" cb="0"/><line nr="125" mi="7" ci="0" mb="0" cb="0"/><line nr="126" mi="5" ci="0" mb="0" cb="0"/><line nr="131" mi="7" ci="0" mb="0" cb="0"/><line nr="132" mi="5" ci="0" mb="0" cb="0"/><line nr="137" mi="7" ci="0" mb="0" cb="0"/><line nr="138" mi="5" ci="0" mb="0" cb="0"/><line nr="143" mi="7" ci="0" mb="0" cb="0"/><line nr="144" mi="5" ci="0" mb="0" cb="0"/><line nr="149" mi="12" ci="0" mb="0" cb="0"/><line nr="150" mi="6" ci="0" mb="0" cb="0"/><line nr="151" mi="13" ci="0" mb="4" cb="0"/><line nr="156" mi="5" ci="0" mb="0" cb="0"/><line nr="157" mi="5" ci="0" mb="0" cb="0"/><line nr="158" mi="5" ci="0" mb="0" cb="0"/><line nr="159" mi="5" ci="0" mb="0" cb="0"/><line nr="160" mi="5" ci="0" mb="0" cb="0"/><line nr="161" mi="5" ci="0" mb="0" cb="0"/><line nr="162" mi="5" ci="0" mb="0" cb="0"/><line nr="163" mi="6" ci="0" mb="0" cb="0"/><line nr="165" mi="8" ci="0" mb="0" cb="0"/><line nr="171" mi="8" ci="0" mb="0" cb="0"/><line nr="173" mi="8" ci="0" mb="0" cb="0"/><line nr="174" mi="7" ci="0" mb="0" cb="0"/><line nr="179" mi="12" ci="0" mb="0" cb="0"/><line nr="180" mi="7" ci="0" mb="0" cb="0"/><line nr="181" mi="13" ci="0" mb="4" cb="0"/><counter type="INSTRUCTION" missed="383" covered="0"/><counter type="BRANCH" missed="8" covered="0"/><counter type="LINE" missed="58" covered="0"/><counter type="COMPLEXITY" missed="29" covered="0"/><counter type="METHOD" missed="25" covered="0"/><counter type="CLASS" missed="1" covered="0"/></sourcefile><counter type="INSTRUCTION" missed="383" covered="0"/><counter type="BRANCH" missed="8" covered="0"/><counter type="LINE" missed="58" covered="0"/><counter type="COMPLEXITY" missed="29" covered="0"/><counter type="METHOD" missed="25" covered="0"/><counter type="CLASS" missed="1" covered="0"/></package><package name="com/njustc/onlinebiz/entrust/exception"><class name="com/njustc/onlinebiz/entrust/exception/EntrustPermissionDeniedException" sourcefilename="EntrustPermissionDeniedException.java"><method name="&lt;init&gt;" desc="(Ljava/lang/String;)V" line="6"><counter type="INSTRUCTION" missed="0" covered="4"/><counter type="LINE" missed="0" covered="2"/><counter type="COMPLEXITY" missed="0" covered="1"/><counter type="METHOD" missed="0" covered="1"/></method><counter type="INSTRUCTION" missed="0" covered="4"/><counter type="LINE" missed="0" covered="2"/><counter type="COMPLEXITY" missed="0" covered="1"/><counter type="METHOD" missed="0" covered="1"/><counter type="CLASS" missed="0" covered="1"/></class><class name="com/njustc/onlinebiz/entrust/exception/EntrustDAOFailureException" sourcefilename="EntrustDAOFailureException.java"><method name="&lt;init&gt;" desc="(Ljava/lang/String;)V" line="6"><counter type="INSTRUCTION" missed="4" covered="0"/><counter type="LINE" missed="2" covered="0"/><counter type="COMPLEXITY" missed="1" covered="0"/><counter type="METHOD" missed="1" covered="0"/></method><counter type="INSTRUCTION" missed="4" covered="0"/><counter type="LINE" missed="2" covered="0"/><counter type="COMPLEXITY" missed="1" covered="0"/><counter type="METHOD" missed="1" covered="0"/><counter type="CLASS" missed="1" covered="0"/></class><class name="com/njustc/onlinebiz/entrust/exception/EntrustInvalidStageException" sourcefilename="EntrustInvalidStageException.java"><method name="&lt;init&gt;" desc="(Ljava/lang/String;)V" line="6"><counter type="INSTRUCTION" missed="0" covered="4"/><counter type="LINE" missed="0" covered="2"/><counter type="COMPLEXITY" missed="0" covered="1"/><counter type="METHOD" missed="0" covered="1"/></method><counter type="INSTRUCTION" missed="0" covered="4"/><counter type="LINE" missed="0" covered="2"/><counter type="COMPLEXITY" missed="0" covered="1"/><counter type="METHOD" missed="0" covered="1"/><counter type="CLASS" missed="0" covered="1"/></class><class name="com/njustc/onlinebiz/entrust/exception/EntrustNotFoundException" sourcefilename="EntrustNotFoundException.java"><method name="&lt;init&gt;" desc="(Ljava/lang/String;)V" line="6"><counter type="INSTRUCTION" missed="0" covered="4"/><counter type="LINE" missed="0" covered="2"/><counter type="COMPLEXITY" missed="0" covered="1"/><counter type="METHOD" missed="0" covered="1"/></method><counter type="INSTRUCTION" missed="0" covered="4"/><counter type="LINE" missed="0" covered="2"/><counter type="COMPLEXITY" missed="0" covered="1"/><counter type="METHOD" missed="0" covered="1"/><counter type="CLASS" missed="0" covered="1"/></class><class name="com/njustc/onlinebiz/entrust/exception/EntrustInvalidArgumentException" sourcefilename="EntrustInvalidArgumentException.java"><method name="&lt;init&gt;" desc="(Ljava/lang/String;)V" line="6"><counter type="INSTRUCTION" missed="0" covered="4"/><counter type="LINE" missed="0" covered="2"/><counter type="COMPLEXITY" missed="0" covered="1"/><counter type="METHOD" missed="0" covered="1"/></method><counter type="INSTRUCTION" missed="0" covered="4"/><counter type="LINE" missed="0" covered="2"/><counter type="COMPLEXITY" missed="0" covered="1"/><counter type="METHOD" missed="0" covered="1"/><counter type="CLASS" missed="0" covered="1"/></class><sourcefile name="EntrustPermissionDeniedException.java"><line nr="6" mi="0" ci="3" mb="0" cb="0"/><line nr="7" mi="0" ci="1" mb="0" cb="0"/><counter type="INSTRUCTION" missed="0" covered="4"/><counter type="LINE" missed="0" covered="2"/><counter type="COMPLEXITY" missed="0" covered="1"/><counter type="METHOD" missed="0" covered="1"/><counter type="CLASS" missed="0" covered="1"/></sourcefile><sourcefile name="EntrustDAOFailureException.java"><line nr="6" mi="3" ci="0" mb="0" cb="0"/><line nr="7" mi="1" ci="0" mb="0" cb="0"/><counter type="INSTRUCTION" missed="4" covered="0"/><counter type="LINE" missed="2" covered="0"/><counter type="COMPLEXITY" missed="1" covered="0"/><counter type="METHOD" missed="1" covered="0"/><counter type="CLASS" missed="1" covered="0"/></sourcefile><sourcefile name="EntrustInvalidArgumentException.java"><line nr="6" mi="0" ci="3" mb="0" cb="0"/><line nr="7" mi="0" ci="1" mb="0" cb="0"/><counter type="INSTRUCTION" missed="0" covered="4"/><counter type="LINE" missed="0" covered="2"/><counter type="COMPLEXITY" missed="0" covered="1"/><counter type="METHOD" missed="0" covered="1"/><counter type="CLASS" missed="0" covered="1"/></sourcefile><sourcefile name="EntrustInvalidStageException.java"><line nr="6" mi="0" ci="3" mb="0" cb="0"/><line nr="7" mi="0" ci="1" mb="0" cb="0"/><counter type="INSTRUCTION" missed="0" covered="4"/><counter type="LINE" missed="0" covered="2"/><counter type="COMPLEXITY" missed="0" covered="1"/><counter type="METHOD" missed="0" covered="1"/><counter type="CLASS" missed="0" covered="1"/></sourcefile><sourcefile name="EntrustNotFoundException.java"><line nr="6" mi="0" ci="3" mb="0" cb="0"/><line nr="7" mi="0" ci="1" mb="0" cb="0"/><counter type="INSTRUCTION" missed="0" covered="4"/><counter type="LINE" missed="0" covered="2"/><counter type="COMPLEXITY" missed="0" covered="1"/><counter type="METHOD" missed="0" covered="1"/><counter type="CLASS" missed="0" covered="1"/></sourcefile><counter type="INSTRUCTION" missed="4" covered="16"/><counter type="LINE" missed="2" covered="8"/><counter type="COMPLEXITY" missed="1" covered="4"/><counter type="METHOD" missed="1" covered="4"/><counter type="CLASS" missed="1" covered="4"/></package><package name="com/njustc/onlinebiz/entrust"><class name="com/njustc/onlinebiz/entrust/EntrustServiceApplication" sourcefilename="EntrustServiceApplication.java"><method name="&lt;init&gt;" desc="()V" line="10"><counter type="INSTRUCTION" missed="3" covered="0"/><counter type="LINE" missed="1" covered="0"/><counter type="COMPLEXITY" missed="1" covered="0"/><counter type="METHOD" missed="1" covered="0"/></method><method name="main" desc="([Ljava/lang/String;)V" line="13"><counter type="INSTRUCTION" missed="5" covered="0"/><counter type="LINE" missed="2" covered="0"/><counter type="COMPLEXITY" missed="1" covered="0"/><counter type="METHOD" missed="1" covered="0"/></method><counter type="INSTRUCTION" missed="8" covered="0"/><counter type="LINE" missed="3" covered="0"/><counter type="COMPLEXITY" missed="2" covered="0"/><counter type="METHOD" missed="2" covered="0"/><counter type="CLASS" missed="1" covered="0"/></class><sourcefile name="EntrustServiceApplication.java"><line nr="10" mi="3" ci="0" mb="0" cb="0"/><line nr="13" mi="4" ci="0" mb="0" cb="0"/><line nr="14" mi="1" ci="0" mb="0" cb="0"/><counter type="INSTRUCTION" missed="8" covered="0"/><counter type="LINE" missed="3" covered="0"/><counter type="COMPLEXITY" missed="2" covered="0"/><counter type="METHOD" missed="2" covered="0"/><counter type="CLASS" missed="1" covered="0"/></sourcefile><counter type="INSTRUCTION" missed="8" covered="0"/><counter type="LINE" missed="3" covered="0"/><counter type="COMPLEXITY" missed="2" covered="0"/><counter type="METHOD" missed="2" covered="0"/><counter type="CLASS" missed="1" covered="0"/></package><counter type="INSTRUCTION" missed="722" covered="965"/><counter type="BRANCH" missed="39" covered="155"/><counter type="LINE" missed="141" covered="200"/><counter type="COMPLEXITY" missed="94" covered="92"/><counter type="METHOD" missed="61" covered="28"/><counter type="CLASS" missed="5" covered="5"/></report>