<?xml version="1.0" encoding="UTF-8" standalone="yes"?><!DOCTYPE report PUBLIC "-//JACOCO//DTD Report 1.1//EN" "report.dtd"><report name="onlinebiz-contract"><sessioninfo id="fv-az205-990-ebe30cbd" start="1657282305111" dump="1657282307666"/><sessioninfo id="fv-az205-990-3e91853c" start="1657282368925" dump="1657282371447"/><package name="com/njustc/onlinebiz/contract"><class name="com/njustc/onlinebiz/contract/ContractServiceApplication" sourcefilename="ContractServiceApplication.java"><method name="&lt;init&gt;" desc="()V" line="7"><counter type="INSTRUCTION" missed="3" covered="0"/><counter type="LINE" missed="1" covered="0"/><counter type="COMPLEXITY" missed="1" covered="0"/><counter type="METHOD" missed="1" covered="0"/></method><method name="main" desc="([Ljava/lang/String;)V" line="10"><counter type="INSTRUCTION" missed="5" covered="0"/><counter type="LINE" missed="2" covered="0"/><counter type="COMPLEXITY" missed="1" covered="0"/><counter type="METHOD" missed="1" covered="0"/></method><counter type="INSTRUCTION" missed="8" covered="0"/><counter type="LINE" missed="3" covered="0"/><counter type="COMPLEXITY" missed="2" covered="0"/><counter type="METHOD" missed="2" covered="0"/><counter type="CLASS" missed="1" covered="0"/></class><sourcefile name="ContractServiceApplication.java"><line nr="7" mi="3" ci="0" mb="0" cb="0"/><line nr="10" mi="4" ci="0" mb="0" cb="0"/><line nr="11" mi="1" ci="0" mb="0" cb="0"/><counter type="INSTRUCTION" missed="8" covered="0"/><counter type="LINE" missed="3" covered="0"/><counter type="COMPLEXITY" missed="2" covered="0"/><counter type="METHOD" missed="2" covered="0"/><counter type="CLASS" missed="1" covered="0"/></sourcefile><counter type="INSTRUCTION" missed="8" covered="0"/><counter type="LINE" missed="3" covered="0"/><counter type="COMPLEXITY" missed="2" covered="0"/><counter type="METHOD" missed="2" covered="0"/><counter type="CLASS" missed="1" covered="0"/></package><package name="com/njustc/onlinebiz/contract/exception"><class name="com/njustc/onlinebiz/contract/exception/ContractDAOFailureException" sourcefilename="ContractDAOFailureException.java"><method name="&lt;init&gt;" desc="(Ljava/lang/String;)V" line="6"><counter type="INSTRUCTION" missed="4" covered="0"/><counter type="LINE" missed="2" covered="0"/><counter type="COMPLEXITY" missed="1" covered="0"/><counter type="METHOD" missed="1" covered="0"/></method><counter type="INSTRUCTION" missed="4" covered="0"/><counter type="LINE" missed="2" covered="0"/><counter type="COMPLEXITY" missed="1" covered="0"/><counter type="METHOD" missed="1" covered="0"/><counter type="CLASS" missed="1" covered="0"/></class><class name="com/njustc/onlinebiz/contract/exception/ContractInvalidStageException" sourcefilename="ContractInvalidStageException.java"><method name="&lt;init&gt;" desc="(Ljava/lang/String;)V" line="6"><counter type="INSTRUCTION" missed="0" covered="4"/><counter type="LINE" missed="0" covered="2"/><counter type="COMPLEXITY" missed="0" covered="1"/><counter type="METHOD" missed="0" covered="1"/></method><counter type="INSTRUCTION" missed="0" covered="4"/><counter type="LINE" missed="0" covered="2"/><counter type="COMPLEXITY" missed="0" covered="1"/><counter type="METHOD" missed="0" covered="1"/><counter type="CLASS" missed="0" covered="1"/></class><class name="com/njustc/onlinebiz/contract/exception/ContractNotFoundException" sourcefilename="ContractNotFoundException.java"><method name="&lt;init&gt;" desc="(Ljava/lang/String;)V" line="6"><counter type="INSTRUCTION" missed="0" covered="4"/><counter type="LINE" missed="0" covered="2"/><counter type="COMPLEXITY" missed="0" covered="1"/><counter type="METHOD" missed="0" covered="1"/></method><counter type="INSTRUCTION" missed="0" covered="4"/><counter type="LINE" missed="0" covered="2"/><counter type="COMPLEXITY" missed="0" covered="1"/><counter type="METHOD" missed="0" covered="1"/><counter type="CLASS" missed="0" covered="1"/></class><class name="com/njustc/onlinebiz/contract/exception/ContractCreateFailureException" sourcefilename="ContractCreateFailureException.java"><method name="&lt;init&gt;" desc="(Ljava/lang/String;)V" line="6"><counter type="INSTRUCTION" missed="0" covered="4"/><counter type="LINE" missed="0" covered="2"/><counter type="COMPLEXITY" missed="0" covered="1"/><counter type="METHOD" missed="0" covered="1"/></method><counter type="INSTRUCTION" missed="0" covered="4"/><counter type="LINE" missed="0" covered="2"/><counter type="COMPLEXITY" missed="0" covered="1"/><counter type="METHOD" missed="0" covered="1"/><counter type="CLASS" missed="0" covered="1"/></class><class name="com/njustc/onlinebiz/contract/exception/ContractPermissionDeniedException" sourcefilename="ContractPermissionDeniedException.java"><method name="&lt;init&gt;" desc="(Ljava/lang/String;)V" line="6"><counter type="INSTRUCTION" missed="0" covered="4"/><counter type="LINE" missed="0" covered="2"/><counter type="COMPLEXITY" missed="0" covered="1"/><counter type="METHOD" missed="0" covered="1"/></method><counter type="INSTRUCTION" missed="0" covered="4"/><counter type="LINE" missed="0" covered="2"/><counter type="COMPLEXITY" missed="0" covered="1"/><counter type="METHOD" missed="0" covered="1"/><counter type="CLASS" missed="0" covered="1"/></class><sourcefile name="ContractInvalidStageException.java"><line nr="6" mi="0" ci="3" mb="0" cb="0"/><line nr="7" mi="0" ci="1" mb="0" cb="0"/><counter type="INSTRUCTION" missed="0" covered="4"/><counter type="LINE" missed="0" covered="2"/><counter type="COMPLEXITY" missed="0" covered="1"/><counter type="METHOD" missed="0" covered="1"/><counter type="CLASS" missed="0" covered="1"/></sourcefile><sourcefile name="ContractNotFoundException.java"><line nr="6" mi="0" ci="3" mb="0" cb="0"/><line nr="7" mi="0" ci="1" mb="0" cb="0"/><counter type="INSTRUCTION" missed="0" covered="4"/><counter type="LINE" missed="0" covered="2"/><counter type="COMPLEXITY" missed="0" covered="1"/><counter type="METHOD" missed="0" covered="1"/><counter type="CLASS" missed="0" covered="1"/></sourcefile><sourcefile name="ContractCreateFailureException.java"><line nr="6" mi="0" ci="3" mb="0" cb="0"/><line nr="7" mi="0" ci="1" mb="0" cb="0"/><counter type="INSTRUCTION" missed="0" covered="4"/><counter type="LINE" missed="0" covered="2"/><counter type="COMPLEXITY" missed="0" covered="1"/><counter type="METHOD" missed="0" covered="1"/><counter type="CLASS" missed="0" covered="1"/></sourcefile><sourcefile name="ContractPermissionDeniedException.java"><line nr="6" mi="0" ci="3" mb="0" cb="0"/><line nr="7" mi="0" ci="1" mb="0" cb="0"/><counter type="INSTRUCTION" missed="0" covered="4"/><counter type="LINE" missed="0" covered="2"/><counter type="COMPLEXITY" missed="0" covered="1"/><counter type="METHOD" missed="0" covered="1"/><counter type="CLASS" missed="0" covered="1"/></sourcefile><sourcefile name="ContractDAOFailureException.java"><line nr="6" mi="3" ci="0" mb="0" cb="0"/><line nr="7" mi="1" ci="0" mb="0" cb="0"/><counter type="INSTRUCTION" missed="4" covered="0"/><counter type="LINE" missed="2" covered="0"/><counter type="COMPLEXITY" missed="1" covered="0"/><counter type="METHOD" missed="1" covered="0"/><counter type="CLASS" missed="1" covered="0"/></sourcefile><counter type="INSTRUCTION" missed="4" covered="16"/><counter type="LINE" missed="2" covered="8"/><counter type="COMPLEXITY" missed="1" covered="4"/><counter type="METHOD" missed="1" covered="4"/><counter type="CLASS" missed="1" covered="4"/></package><package name="com/njustc/onlinebiz/contract/controller"><class name="com/njustc/onlinebiz/contract/controller/ContractController" sourcefilename="ContractController.java"><method name="&lt;init&gt;" desc="(Lcom/njustc/onlinebiz/contract/service/ContractService;)V" line="22"><counter type="INSTRUCTION" missed="6" covered="0"/><counter type="LINE" missed="3" covered="0"/><counter type="COMPLEXITY" missed="1" covered="0"/><counter type="METHOD" missed="1" covered="0"/></method><method name="createContract" desc="(Ljava/lang/String;Ljava/lang/Long;Lcom/njustc/onlinebiz/common/model/Role;)Ljava/lang/String;" line="33"><counter type="INSTRUCTION" missed="7" covered="0"/><counter type="LINE" missed="1" covered="0"/><counter type="COMPLEXITY" missed="1" covered="0"/><counter type="METHOD" missed="1" covered="0"/></method><method name="getContract" desc="(Ljava/lang/String;Ljava/lang/Long;Lcom/njustc/onlinebiz/common/model/Role;)Lcom/njustc/onlinebiz/common/model/contract/Contract;" line="43"><counter type="INSTRUCTION" missed="7" covered="0"/><counter type="LINE" missed="1" covered="0"/><counter type="COMPLEXITY" missed="1" covered="0"/><counter type="METHOD" missed="1" covered="0"/></method><method name="updateContract" desc="(Ljava/lang/String;Ljava/lang/Long;Lcom/njustc/onlinebiz/common/model/Role;Lcom/njustc/onlinebiz/common/model/contract/Contract;)V" line="54"><counter type="INSTRUCTION" missed="8" covered="0"/><counter type="LINE" missed="2" covered="0"/><counter type="COMPLEXITY" missed="1" covered="0"/><counter type="METHOD" missed="1" covered="0"/></method><method name="approveContract" desc="(Ljava/lang/String;Ljava/lang/Long;Lcom/njustc/onlinebiz/common/model/Role;)V" line="64"><counter type="INSTRUCTION" missed="7" covered="0"/><counter type="LINE" missed="2" covered="0"/><counter type="COMPLEXITY" missed="1" covered="0"/><counter type="METHOD" missed="1" covered="0"/></method><method name="denyContract" desc="(Ljava/lang/String;Ljava/lang/Long;Lcom/njustc/onlinebiz/common/model/Role;Ljava/lang/String;)V" line="75"><counter type="INSTRUCTION" missed="8" covered="0"/><counter type="LINE" missed="2" covered="0"/><counter type="COMPLEXITY" missed="1" covered="0"/><counter type="METHOD" missed="1" covered="0"/></method><method name="updateCustomer" desc="(Ljava/lang/String;Ljava/lang/Long;Ljava/lang/Long;Lcom/njustc/onlinebiz/common/model/Role;)V" line="86"><counter type="INSTRUCTION" missed="8" covered="0"/><counter type="LINE" missed="2" covered="0"/><counter type="COMPLEXITY" missed="1" covered="0"/><counter type="METHOD" missed="1" covered="0"/></method><method name="updateMarketer" desc="(Ljava/lang/String;Ljava/lang/Long;Ljava/lang/Long;Lcom/njustc/onlinebiz/common/model/Role;)V" line="97"><counter type="INSTRUCTION" missed="8" covered="0"/><counter type="LINE" missed="2" covered="0"/><counter type="COMPLEXITY" missed="1" covered="0"/><counter type="METHOD" missed="1" covered="0"/></method><method name="updateStatus" desc="(Ljava/lang/String;Ljava/lang/Long;Lcom/njustc/onlinebiz/common/model/Role;Lcom/njustc/onlinebiz/common/model/contract/ContractStatus;)V" line="108"><counter type="INSTRUCTION" missed="8" covered="0"/><counter type="LINE" missed="2" covered="0"/><counter type="COMPLEXITY" missed="1" covered="0"/><counter type="METHOD" missed="1" covered="0"/></method><method name="updateScannedCopy" desc="(Ljava/lang/String;Ljava/lang/Long;Lcom/njustc/onlinebiz/common/model/Role;Lorg/springframework/web/multipart/MultipartFile;)V" line="119"><counter type="INSTRUCTION" missed="8" covered="0"/><counter type="LINE" missed="2" covered="0"/><counter type="COMPLEXITY" missed="1" covered="0"/><counter type="METHOD" missed="1" covered="0"/></method><method name="downloadScannedCopy" desc="(Ljava/lang/String;Ljava/lang/Long;Lcom/njustc/onlinebiz/common/model/Role;)Lorg/springframework/http/ResponseEntity;" line="129"><counter type="INSTRUCTION" missed="30" covered="0"/><counter type="LINE" missed="3" covered="0"/><counter type="COMPLEXITY" missed="1" covered="0"/><counter type="METHOD" missed="1" covered="0"/></method><method name="updateNonDisclosureAgreement" desc="(Ljava/lang/String;Ljava/lang/Long;Lcom/njustc/onlinebiz/common/model/Role;Lcom/njustc/onlinebiz/common/model/contract/NonDisclosureAgreement;)V" line="142"><counter type="INSTRUCTION" missed="8" covered="0"/><counter type="LINE" missed="2" covered="0"/><counter type="COMPLEXITY" missed="1" covered="0"/><counter type="METHOD" missed="1" covered="0"/></method><method name="deleteContract" desc="(Ljava/lang/String;Ljava/lang/Long;Lcom/njustc/onlinebiz/common/model/Role;)V" line="152"><counter type="INSTRUCTION" missed="7" covered="0"/><counter type="LINE" missed="2" covered="0"/><counter type="COMPLEXITY" missed="1" covered="0"/><counter type="METHOD" missed="1" covered="0"/></method><counter type="INSTRUCTION" missed="120" covered="0"/><counter type="LINE" missed="26" covered="0"/><counter type="COMPLEXITY" missed="13" covered="0"/><counter type="METHOD" missed="13" covered="0"/><counter type="CLASS" missed="1" covered="0"/></class><class name="com/njustc/onlinebiz/contract/controller/ContractControllerAdvice" sourcefilename="ContractControllerAdvice.java"><method name="&lt;init&gt;" desc="()V" line="15"><counter type="INSTRUCTION" missed="3" covered="0"/><counter type="LINE" missed="1" covered="0"/><counter type="COMPLEXITY" missed="1" covered="0"/><counter type="METHOD" missed="1" covered="0"/></method><method name="handleNotFoundException" desc="(Lcom/njustc/onlinebiz/contract/exception/ContractNotFoundException;)Ljava/lang/String;" line="21"><counter type="INSTRUCTION" missed="8" covered="0"/><counter type="LINE" missed="2" covered="0"/><counter type="COMPLEXITY" missed="1" covered="0"/><counter type="METHOD" missed="1" covered="0"/></method><method name="handlePermissionDeniedException" desc="(Lcom/njustc/onlinebiz/contract/exception/ContractPermissionDeniedException;)Ljava/lang/String;" line="29"><counter type="INSTRUCTION" missed="8" covered="0"/><counter type="LINE" missed="2" covered="0"/><counter type="COMPLEXITY" missed="1" covered="0"/><counter type="METHOD" missed="1" covered="0"/></method><method name="handleInvalidStageException" desc="(Lcom/njustc/onlinebiz/contract/exception/ContractInvalidStageException;)Ljava/lang/String;" line="37"><counter type="INSTRUCTION" missed="8" covered="0"/><counter type="LINE" missed="2" covered="0"/><counter type="COMPLEXITY" missed="1" covered="0"/><counter type="METHOD" missed="1" covered="0"/></method><method name="handleDAOFailureException" desc="(Lcom/njustc/onlinebiz/contract/exception/ContractDAOFailureException;)Ljava/lang/String;" line="45"><counter type="INSTRUCTION" missed="8" covered="0"/><counter type="LINE" missed="2" covered="0"/><counter type="COMPLEXITY" missed="1" covered="0"/><counter type="METHOD" missed="1" covered="0"/></method><method name="handleCreateFailureException" desc="(Lcom/njustc/onlinebiz/contract/exception/ContractCreateFailureException;)Ljava/lang/String;" line="53"><counter type="INSTRUCTION" missed="8" covered="0"/><counter type="LINE" missed="2" covered="0"/><counter type="COMPLEXITY" missed="1" covered="0"/><counter type="METHOD" missed="1" covered="0"/></method><method name="handleInternalError" desc="(Ljava/lang/InternalError;)Ljava/lang/String;" line="61"><counter type="INSTRUCTION" missed="10" covered="0"/><counter type="LINE" missed="3" covered="0"/><counter type="COMPLEXITY" missed="1" covered="0"/><counter type="METHOD" missed="1" covered="0"/></method><method name="handleIOException" desc="(Ljava/io/IOException;)Ljava/lang/String;" line="70"><counter type="INSTRUCTION" missed="10" covered="0"/><counter type="LINE" missed="3" covered="0"/><counter type="COMPLEXITY" missed="1" covered="0"/><counter type="METHOD" missed="1" covered="0"/></method><method name="&lt;clinit&gt;" desc="()V" line="13"><counter type="INSTRUCTION" missed="4" covered="0"/><counter type="LINE" missed="1" covered="0"/><counter type="COMPLEXITY" missed="1" covered="0"/><counter type="METHOD" missed="1" covered="0"/></method><counter type="INSTRUCTION" missed="67" covered="0"/><counter type="LINE" missed="18" covered="0"/><counter type="COMPLEXITY" missed="9" covered="0"/><counter type="METHOD" missed="9" covered="0"/><counter type="CLASS" missed="1" covered="0"/></class><sourcefile name="ContractController.java"><line nr="22" mi="2" ci="0" mb="0" cb="0"/><line nr="23" mi="3" ci="0" mb="0" cb="0"/><line nr="24" mi="1" ci="0" mb="0" cb="0"/><line nr="33" mi="7" ci="0" mb="0" cb="0"/><line nr="43" mi="7" ci="0" mb="0" cb="0"/><line nr="54" mi="7" ci="0" mb="0" cb="0"/><line nr="55" mi="1" ci="0" mb="0" cb="0"/><line nr="64" mi="6" ci="0" mb="0" cb="0"/><line nr="65" mi="1" ci="0" mb="0" cb="0"/><line nr="75" mi="7" ci="0" mb="0" cb="0"/><line nr="76" mi="1" ci="0" mb="0" cb="0"/><line nr="86" mi="7" ci="0" mb="0" cb="0"/><line nr="87" mi="1" ci="0" mb="0" cb="0"/><line nr="97" mi="7" ci="0" mb="0" cb="0"/><line nr="98" mi="1" ci="0" mb="0" cb="0"/><line nr="108" mi="7" ci="0" mb="0" cb="0"/><line nr="109" mi="1" ci="0" mb="0" cb="0"/><line nr="119" mi="7" ci="0" mb="0" cb="0"/><line nr="120" mi="1" ci="0" mb="0" cb="0"/><line nr="129" mi="7" ci="0" mb="0" cb="0"/><line nr="130" mi="7" ci="0" mb="0" cb="0"/><line nr="131" mi="16" ci="0" mb="0" cb="0"/><line nr="142" mi="7" ci="0" mb="0" cb="0"/><line nr="143" mi="1" ci="0" mb="0" cb="0"/><line nr="152" mi="6" ci="0" mb="0" cb="0"/><line nr="153" mi="1" ci="0" mb="0" cb="0"/><counter type="INSTRUCTION" missed="120" covered="0"/><counter type="LINE" missed="26" covered="0"/><counter type="COMPLEXITY" missed="13" covered="0"/><counter type="METHOD" missed="13" covered="0"/><counter type="CLASS" missed="1" covered="0"/></sourcefile><sourcefile name="ContractControllerAdvice.java"><line nr="13" mi="4" ci="0" mb="0" cb="0"/><line nr="15" mi="3" ci="0" mb="0" cb="0"/><line nr="21" mi="5" ci="0" mb="0" cb="0"/><line nr="22" mi="3" ci="0" mb="0" cb="0"/><line nr="29" mi="5" ci="0" mb="0" cb="0"/><line nr="30" mi="3" ci="0" mb="0" cb="0"/><line nr="37" mi="5" ci="0" mb="0" cb="0"/><line nr="38" mi="3" ci="0" mb="0" cb="0"/><line nr="45" mi="5" ci="0" mb="0" cb="0"/><line nr="46" mi="3" ci="0" mb="0" cb="0"/><line nr="53" mi="5" ci="0" mb="0" cb="0"/><line nr="54" mi="3" ci="0" mb="0" cb="0"/><line nr="61" mi="5" ci="0" mb="0" cb="0"/><line nr="62" mi="2" ci="0" mb="0" cb="0"/><line nr="63" mi="3" ci="0" mb="0" cb="0"/><line nr="70" mi="5" ci="0" mb="0" cb="0"/><line nr="71" mi="2" ci="0" mb="0" cb="0"/><line nr="72" mi="3" ci="0" mb="0" cb="0"/><counter type="INSTRUCTION" missed="67" covered="0"/><counter type="LINE" missed="18" covered="0"/><counter type="COMPLEXITY" missed="9" covered="0"/><counter type="METHOD" missed="9" covered="0"/><counter type="CLASS" missed="1" covered="0"/></sourcefile><counter type="INSTRUCTION" missed="187" covered="0"/><counter type="LINE" missed="44" covered="0"/><counter type="COMPLEXITY" missed="22" covered="0"/><counter type="METHOD" missed="22" covered="0"/><counter type="CLASS" missed="2" covered="0"/></package><package name="com/njustc/onlinebiz/contract/configuration"><class name="com/njustc/onlinebiz/contract/configuration/ContractServiceConfiguration" sourcefilename="ContractServiceConfiguration.java"><method name="&lt;init&gt;" desc="()V" line="11"><counter type="INSTRUCTION" missed="3" covered="0"/><counter type="LINE" missed="1" covered="0"/><counter type="COMPLEXITY" missed="1" covered="0"/><counter type="METHOD" missed="1" covered="0"/></method><method name="restTemplate" desc="()Lorg/springframework/web/client/RestTemplate;" line="16"><counter type="INSTRUCTION" missed="4" covered="0"/><counter type="LINE" missed="1" covered="0"/><counter type="COMPLEXITY" missed="1" covered="0"/><counter type="METHOD" missed="1" covered="0"/></method><counter type="INSTRUCTION" missed="7" covered="0"/><counter type="LINE" missed="2" covered="0"/><counter type="COMPLEXITY" missed="2" covered="0"/><counter type="METHOD" missed="2" covered="0"/><counter type="CLASS" missed="1" covered="0"/></class><sourcefile name="ContractServiceConfiguration.java"><line nr="11" mi="3" ci="0" mb="0" cb="0"/><line nr="16" mi="4" ci="0" mb="0" cb="0"/><counter type="INSTRUCTION" missed="7" covered="0"/><counter type="LINE" missed="2" covered="0"/><counter type="COMPLEXITY" missed="2" covered="0"/><counter type="METHOD" missed="2" covered="0"/><counter type="CLASS" missed="1" covered="0"/></sourcefile><counter type="INSTRUCTION" missed="7" covered="0"/><counter type="LINE" missed="2" covered="0"/><counter type="COMPLEXITY" missed="2" covered="0"/><counter type="METHOD" missed="2" covered="0"/><counter type="CLASS" missed="1" covered="0"/></package><package name="com/njustc/onlinebiz/contract/service"><class name="com/njustc/onlinebiz/contract/service/DefaultContractService" sourcefilename="DefaultContractService.java"><method name="&lt;init&gt;" desc="(Lcom/njustc/onlinebiz/contract/dao/ContractDAO;Lorg/springframework/web/client/RestTemplate;)V" line="32"><counter type="INSTRUCTION" missed="0" covered="9"/><counter type="LINE" missed="0" covered="4"/><counter type="COMPLEXITY" missed="0" covered="1"/><counter type="METHOD" missed="0" covered="1"/></method><method name="createContract" desc="(Ljava/lang/String;Ljava/lang/Long;Lcom/njustc/onlinebiz/common/model/Role;)Ljava/lang/String;" line="39"><counter type="INSTRUCTION" missed="8" covered="83"/><counter type="BRANCH" missed="1" covered="3"/><counter type="LINE" missed="2" covered="19"/><counter type="COMPLEXITY" missed="1" covered="2"/><counter type="METHOD" missed="0" covered="1"/></method><method name="findContract" desc="(Ljava/lang/String;Ljava/lang/Long;Lcom/njustc/onlinebiz/common/model/Role;)Lcom/njustc/onlinebiz/common/model/contract/Contract;" line="72"><counter type="INSTRUCTION" missed="0" covered="27"/><counter type="BRANCH" missed="0" covered="4"/><counter type="LINE" missed="0" covered="6"/><counter type="COMPLEXITY" missed="0" covered="3"/><counter type="METHOD" missed="0" covered="1"/></method><method name="hasFindAuthority" desc="(Lcom/njustc/onlinebiz/common/model/contract/Contract;Ljava/lang/Long;Lcom/njustc/onlinebiz/common/model/Role;)Ljava/lang/Boolean;" line="82"><counter type="INSTRUCTION" missed="3" covered="31"/><counter type="BRANCH" missed="2" covered="8"/><counter type="LINE" missed="1" covered="8"/><counter type="COMPLEXITY" missed="2" covered="4"/><counter type="METHOD" missed="0" covered="1"/></method><method name="updateContract" desc="(Ljava/lang/String;Lcom/njustc/onlinebiz/common/model/contract/Contract;Ljava/lang/Long;Lcom/njustc/onlinebiz/common/model/Role;)V" line="96"><counter type="INSTRUCTION" missed="10" covered="83"/><counter type="BRANCH" missed="10" covered="20"/><counter type="LINE" missed="2" covered="14"/><counter type="COMPLEXITY" missed="10" covered="6"/><counter type="METHOD" missed="0" covered="1"/></method><method name="updateFromMarketer" desc="(Ljava/lang/String;Lcom/njustc/onlinebiz/common/model/contract/Contract;Lcom/njustc/onlinebiz/common/model/contract/Contract;)V" line="123"><counter type="INSTRUCTION" missed="10" covered="61"/><counter type="BRANCH" missed="2" covered="2"/><counter type="LINE" missed="2" covered="14"/><counter type="COMPLEXITY" missed="2" covered="1"/><counter type="METHOD" missed="0" covered="1"/></method><method name="updateFromCustomer" desc="(Ljava/lang/String;Lcom/njustc/onlinebiz/common/model/contract/Contract;Lcom/njustc/onlinebiz/common/model/contract/Contract;)V" line="144"><counter type="INSTRUCTION" missed="10" covered="25"/><counter type="BRANCH" missed="2" covered="2"/><counter type="LINE" missed="2" covered="5"/><counter type="COMPLEXITY" missed="2" covered="1"/><counter type="METHOD" missed="0" covered="1"/></method><method name="approveContract" desc="(Ljava/lang/String;Ljava/lang/Long;Lcom/njustc/onlinebiz/common/model/Role;)V" line="156"><counter type="INSTRUCTION" missed="15" covered="59"/><counter type="BRANCH" missed="7" covered="11"/><counter type="LINE" missed="3" covered="11"/><counter type="COMPLEXITY" missed="7" covered="3"/><counter type="METHOD" missed="0" covered="1"/></method><method name="denyContract" desc="(Ljava/lang/String;Ljava/lang/String;Ljava/lang/Long;Lcom/njustc/onlinebiz/common/model/Role;)V" line="181"><counter type="INSTRUCTION" missed="15" covered="59"/><counter type="BRANCH" missed="7" covered="11"/><counter type="LINE" missed="3" covered="11"/><counter type="COMPLEXITY" missed="7" covered="3"/><counter type="METHOD" missed="0" covered="1"/></method><method name="updateCustomerId" desc="(Ljava/lang/String;Ljava/lang/Long;Ljava/lang/Long;Lcom/njustc/onlinebiz/common/model/Role;)V" line="206"><counter type="INSTRUCTION" missed="10" covered="18"/><counter type="BRANCH" missed="2" covered="2"/><counter type="LINE" missed="2" covered="4"/><counter type="COMPLEXITY" missed="2" covered="1"/><counter type="METHOD" missed="0" covered="1"/></method><method name="updateMarketerId" desc="(Ljava/lang/String;Ljava/lang/Long;Ljava/lang/Long;Lcom/njustc/onlinebiz/common/model/Role;)V" line="217"><counter type="INSTRUCTION" missed="10" covered="18"/><counter type="BRANCH" missed="2" covered="2"/><counter type="LINE" missed="2" covered="4"/><counter type="COMPLEXITY" missed="2" covered="1"/><counter type="METHOD" missed="0" covered="1"/></method><method name="updateStatus" desc="(Ljava/lang/String;Lcom/njustc/onlinebiz/common/model/contract/ContractStatus;Ljava/lang/Long;Lcom/njustc/onlinebiz/common/model/Role;)V" line="228"><counter type="INSTRUCTION" missed="10" covered="18"/><counter type="BRANCH" missed="2" covered="2"/><counter type="LINE" missed="2" covered="4"/><counter type="COMPLEXITY" missed="2" covered="1"/><counter type="METHOD" missed="0" covered="1"/></method><method name="saveScannedCopy" desc="(Ljava/lang/String;Lorg/springframework/web/multipart/MultipartFile;Ljava/lang/Long;Lcom/njustc/onlinebiz/common/model/Role;)V" line="239"><counter type="INSTRUCTION" missed="63" covered="37"/><counter type="BRANCH" missed="10" covered="6"/><counter type="LINE" missed="11" covered="8"/><counter type="COMPLEXITY" missed="6" covered="3"/><counter type="METHOD" missed="0" covered="1"/></method><method name="getScannedCopy" desc="(Ljava/lang/String;Ljava/lang/Long;Lcom/njustc/onlinebiz/common/model/Role;)Lorg/springframework/core/io/Resource;" line="273"><counter type="INSTRUCTION" missed="33" covered="18"/><counter type="BRANCH" missed="11" covered="1"/><counter type="LINE" missed="4" covered="4"/><counter type="COMPLEXITY" missed="6" covered="1"/><counter type="METHOD" missed="0" covered="1"/></method><method name="getScannedCopyFileName" desc="(Ljava/lang/String;Ljava/lang/Long;Lcom/njustc/onlinebiz/common/model/Role;)Ljava/lang/String;" line="290"><counter type="INSTRUCTION" missed="52" covered="0"/><counter type="BRANCH" missed="12" covered="0"/><counter type="LINE" missed="8" covered="0"/><counter type="COMPLEXITY" missed="7" covered="0"/><counter type="METHOD" missed="1" covered="0"/></method><method name="updateNonDisclosure" desc="(Ljava/lang/String;Lcom/njustc/onlinebiz/common/model/contract/NonDisclosureAgreement;Ljava/lang/Long;Lcom/njustc/onlinebiz/common/model/Role;)V" line="307"><counter type="INSTRUCTION" missed="20" covered="95"/><counter type="BRANCH" missed="12" covered="20"/><counter type="LINE" missed="4" covered="17"/><counter type="COMPLEXITY" missed="12" covered="5"/><counter type="METHOD" missed="0" covered="1"/></method><method name="removeContract" desc="(Ljava/lang/String;Ljava/lang/Long;Lcom/njustc/onlinebiz/common/model/Role;)V" line="342"><counter type="INSTRUCTION" missed="5" covered="22"/><counter type="BRANCH" missed="1" covered="3"/><counter type="LINE" missed="1" covered="5"/><counter type="COMPLEXITY" missed="1" covered="2"/><counter type="METHOD" missed="0" covered="1"/></method><counter type="INSTRUCTION" missed="274" covered="663"/><counter type="BRANCH" missed="83" covered="97"/><counter type="LINE" missed="49" covered="138"/><counter type="COMPLEXITY" missed="69" covered="38"/><counter type="METHOD" missed="1" covered="16"/><counter type="CLASS" missed="0" covered="1"/></class><class name="com/njustc/onlinebiz/contract/service/ContractService" sourcefilename="ContractService.java"/><sourcefile name="DefaultContractService.java"><line nr="32" mi="0" ci="2" mb="0" cb="0"/><line nr="33" mi="0" ci="3" mb="0" cb="0"/><line nr="34" mi="0" ci="3" mb="0" cb="0"/><line nr="35" mi="0" ci="1" mb="0" cb="0"/><line nr="39" mi="0" ci="6" mb="1" cb="3"/><line nr="40" mi="0" ci="5" mb="0" cb="0"/><line nr="43" mi="0" ci="4" mb="0" cb="0"/><line nr="44" mi="0" ci="3" mb="0" cb="0"/><line nr="47" mi="0" ci="11" mb="0" cb="0"/><line nr="48" mi="0" ci="1" mb="0" cb="0"/><line nr="49" mi="0" ci="6" mb="0" cb="0"/><line nr="50" mi="0" ci="1" mb="0" cb="0"/><line nr="51" mi="0" ci="4" mb="0" cb="0"/><line nr="53" mi="0" ci="3" mb="0" cb="0"/><line nr="54" mi="0" ci="3" mb="0" cb="0"/><line nr="55" mi="0" ci="3" mb="0" cb="0"/><line nr="56" mi="0" ci="7" mb="0" cb="0"/><line nr="58" mi="0" ci="6" mb="0" cb="0"/><line nr="60" mi="0" ci="3" mb="0" cb="0"/><line nr="61" mi="0" ci="3" mb="0" cb="0"/><line nr="63" mi="0" ci="11" mb="0" cb="0"/><line nr="64" mi="1" ci="0" mb="0" cb="0"/><line nr="65" mi="7" ci="0" mb="0" cb="0"/><line nr="66" mi="0" ci="1" mb="0" cb="0"/><line nr="67" mi="0" ci="2" mb="0" cb="0"/><line nr="72" mi="0" ci="5" mb="0" cb="0"/><line nr="73" mi="0" ci="2" mb="0" cb="2"/><line nr="74" mi="0" ci="6" mb="0" cb="0"/><line nr="75" mi="0" ci="7" mb="0" cb="2"/><line nr="76" mi="0" ci="5" mb="0" cb="0"/><line nr="78" mi="0" ci="2" mb="0" cb="0"/><line nr="82" mi="0" ci="4" mb="2" cb="2"/><line nr="83" mi="3" ci="0" mb="0" cb="0"/><line nr="84" mi="0" ci="3" mb="0" cb="2"/><line nr="85" mi="0" ci="3" mb="0" cb="0"/><line nr="86" mi="0" ci="3" mb="0" cb="2"/><line nr="87" mi="0" ci="6" mb="0" cb="0"/><line nr="88" mi="0" ci="3" mb="0" cb="2"/><line nr="89" mi="0" ci="6" mb="0" cb="0"/><line nr="91" mi="0" ci="3" mb="0" cb="0"/><line nr="96" mi="0" ci="6" mb="0" cb="0"/><line nr="97" mi="0" ci="6" mb="0" cb="2"/><line nr="98" mi="0" ci="5" mb="0" cb="0"/><line nr="100" mi="0" ci="4" mb="0" cb="0"/><line nr="102" mi="0" ci="6" mb="1" cb="3"/><line nr="103" mi="0" ci="11" mb="3" cb="3"/><line nr="104" mi="5" ci="0" mb="0" cb="0"/><line nr="106" mi="0" ci="6" mb="1" cb="3"/><line nr="107" mi="0" ci="11" mb="3" cb="3"/><line nr="108" mi="5" ci="0" mb="0" cb="0"/><line nr="111" mi="0" ci="5" mb="0" cb="0"/><line nr="114" mi="0" ci="6" mb="1" cb="3"/><line nr="115" mi="0" ci="5" mb="0" cb="0"/><line nr="117" mi="0" ci="6" mb="1" cb="3"/><line nr="118" mi="0" ci="5" mb="0" cb="0"/><line nr="120" mi="0" ci="1" mb="0" cb="0"/><line nr="123" mi="0" ci="4" mb="0" cb="0"/><line nr="124" mi="0" ci="4" mb="0" cb="0"/><line nr="125" mi="0" ci="4" mb="0" cb="0"/><line nr="126" mi="0" ci="4" mb="0" cb="0"/><line nr="127" mi="0" ci="4" mb="0" cb="0"/><line nr="128" mi="0" ci="4" mb="0" cb="0"/><line nr="129" mi="0" ci="4" mb="0" cb="0"/><line nr="130" mi="0" ci="4" mb="0" cb="0"/><line nr="131" mi="0" ci="4" mb="0" cb="0"/><line nr="132" mi="0" ci="4" mb="0" cb="0"/><line nr="134" mi="0" ci="7" mb="1" cb="1"/><line nr="135" mi="5" ci="0" mb="0" cb="0"/><line nr="137" mi="0" ci="2" mb="0" cb="0"/><line nr="138" mi="0" ci="11" mb="1" cb="1"/><line nr="139" mi="5" ci="0" mb="0" cb="0"/><line nr="141" mi="0" ci="1" mb="0" cb="0"/><line nr="144" mi="0" ci="4" mb="0" cb="0"/><line nr="145" mi="0" ci="7" mb="1" cb="1"/><line nr="146" mi="5" ci="0" mb="0" cb="0"/><line nr="148" mi="0" ci="2" mb="0" cb="0"/><line nr="149" mi="0" ci="11" mb="1" cb="1"/><line nr="150" mi="5" ci="0" mb="0" cb="0"/><line nr="152" mi="0" ci="1" mb="0" cb="0"/><line nr="156" mi="0" ci="6" mb="0" cb="0"/><line nr="157" mi="0" ci="4" mb="0" cb="0"/><line nr="160" mi="0" ci="3" mb="0" cb="2"/><line nr="161" mi="0" ci="2" mb="0" cb="0"/><line nr="162" mi="0" ci="11" mb="3" cb="3"/><line nr="163" mi="5" ci="0" mb="0" cb="0"/><line nr="165" mi="0" ci="3" mb="0" cb="2"/><line nr="166" mi="0" ci="2" mb="0" cb="0"/><line nr="167" mi="0" ci="11" mb="3" cb="3"/><line nr="168" mi="5" ci="0" mb="0" cb="0"/><line nr="171" mi="0" ci="5" mb="0" cb="0"/><line nr="174" mi="0" ci="11" mb="1" cb="1"/><line nr="175" mi="5" ci="0" mb="0" cb="0"/><line nr="177" mi="0" ci="1" mb="0" cb="0"/><line nr="181" mi="0" ci="6" mb="0" cb="0"/><line nr="182" mi="0" ci="4" mb="0" cb="0"/><line nr="185" mi="0" ci="3" mb="0" cb="2"/><line nr="186" mi="0" ci="2" mb="0" cb="0"/><line nr="187" mi="0" ci="11" mb="3" cb="3"/><line nr="188" mi="5" ci="0" mb="0" cb="0"/><line nr="190" mi="0" ci="3" mb="0" cb="2"/><line nr="191" mi="0" ci="2" mb="0" cb="0"/><line nr="192" mi="0" ci="11" mb="3" cb="3"/><line nr="193" mi="5" ci="0" mb="0" cb="0"/><line nr="196" mi="0" ci="5" mb="0" cb="0"/><line nr="199" mi="0" ci="11" mb="1" cb="1"/><line nr="200" mi="5" ci="0" mb="0" cb="0"/><line nr="202" mi="0" ci="1" mb="0" cb="0"/><line nr="206" mi="0" ci="6" mb="0" cb="0"/><line nr="207" mi="0" ci="3" mb="1" cb="1"/><line nr="208" mi="5" ci="0" mb="0" cb="0"/><line nr="210" mi="0" ci="8" mb="1" cb="1"/><line nr="211" mi="5" ci="0" mb="0" cb="0"/><line nr="213" mi="0" ci="1" mb="0" cb="0"/><line nr="217" mi="0" ci="6" mb="0" cb="0"/><line nr="218" mi="0" ci="3" mb="1" cb="1"/><line nr="219" mi="5" ci="0" mb="0" cb="0"/><line nr="221" mi="0" ci="8" mb="1" cb="1"/><line nr="222" mi="5" ci="0" mb="0" cb="0"/><line nr="224" mi="0" ci="1" mb="0" cb="0"/><line nr="228" mi="0" ci="6" mb="0" cb="0"/><line nr="229" mi="0" ci="3" mb="1" cb="1"/><line nr="230" mi="5" ci="0" mb="0" cb="0"/><line nr="232" mi="0" ci="8" mb="1" cb="1"/><line nr="233" mi="5" ci="0" mb="0" cb="0"/><line nr="235" mi="0" ci="1" mb="0" cb="0"/><line nr="239" mi="0" ci="3" mb="0" cb="2"/><line nr="240" mi="0" ci="5" mb="0" cb="0"/><line nr="242" mi="0" ci="6" mb="0" cb="0"/><line nr="243" mi="0" ci="4" mb="0" cb="0"/><line nr="245" mi="0" ci="3" mb="0" cb="2"/><line nr="246" mi="0" ci="5" mb="0" cb="0"/><line nr="249" mi="5" ci="6" mb="4" cb="2"/><line nr="250" mi="0" ci="5" mb="0" cb="0"/><line nr="253" mi="3" ci="0" mb="0" cb="0"/><line nr="254" mi="2" ci="0" mb="2" cb="0"/><line nr="255" mi="5" ci="0" mb="0" cb="0"/><line nr="257" mi="6" ci="0" mb="0" cb="0"/><line nr="258" mi="4" ci="0" mb="0" cb="0"/><line nr="259" mi="9" ci="0" mb="0" cb="0"/><line nr="261" mi="7" ci="0" mb="2" cb="0"/><line nr="262" mi="5" ci="0" mb="0" cb="0"/><line nr="265" mi="11" ci="0" mb="2" cb="0"/><line nr="266" mi="1" ci="0" mb="0" cb="0"/><line nr="268" mi="5" ci="0" mb="0" cb="0"/><line nr="273" mi="0" ci="6" mb="0" cb="0"/><line nr="274" mi="0" ci="4" mb="0" cb="0"/><line nr="276" mi="0" ci="3" mb="1" cb="1"/><line nr="277" mi="0" ci="5" mb="0" cb="0"/><line nr="280" mi="16" ci="0" mb="8" cb="0"/><line nr="281" mi="3" ci="0" mb="2" cb="0"/><line nr="282" mi="5" ci="0" mb="0" cb="0"/><line nr="285" mi="9" ci="0" mb="0" cb="0"/><line nr="290" mi="6" ci="0" mb="0" cb="0"/><line nr="291" mi="4" ci="0" mb="0" cb="0"/><line nr="293" mi="3" ci="0" mb="2" cb="0"/><line nr="294" mi="5" ci="0" mb="0" cb="0"/><line nr="297" mi="16" ci="0" mb="8" cb="0"/><line nr="298" mi="3" ci="0" mb="2" cb="0"/><line nr="299" mi="5" ci="0" mb="0" cb="0"/><line nr="302" mi="10" ci="0" mb="0" cb="0"/><line nr="307" mi="0" ci="6" mb="0" cb="0"/><line nr="308" mi="0" ci="4" mb="0" cb="0"/><line nr="311" mi="0" ci="6" mb="1" cb="3"/><line nr="312" mi="0" ci="2" mb="0" cb="0"/><line nr="313" mi="0" ci="11" mb="3" cb="3"/><line nr="314" mi="5" ci="0" mb="0" cb="0"/><line nr="316" mi="0" ci="6" mb="1" cb="3"/><line nr="317" mi="0" ci="2" mb="0" cb="0"/><line nr="318" mi="0" ci="11" mb="3" cb="3"/><line nr="319" mi="5" ci="0" mb="0" cb="0"/><line nr="322" mi="0" ci="5" mb="0" cb="0"/><line nr="324" mi="0" ci="3" mb="0" cb="0"/><line nr="326" mi="0" ci="6" mb="1" cb="3"/><line nr="327" mi="0" ci="4" mb="0" cb="0"/><line nr="329" mi="0" ci="6" mb="1" cb="3"/><line nr="330" mi="0" ci="4" mb="0" cb="0"/><line nr="333" mi="0" ci="7" mb="1" cb="1"/><line nr="334" mi="5" ci="0" mb="0" cb="0"/><line nr="335" mi="0" ci="11" mb="1" cb="1"/><line nr="336" mi="5" ci="0" mb="0" cb="0"/><line nr="338" mi="0" ci="1" mb="0" cb="0"/><line nr="342" mi="0" ci="6" mb="0" cb="0"/><line nr="343" mi="0" ci="3" mb="0" cb="2"/><line nr="344" mi="0" ci="5" mb="0" cb="0"/><line nr="346" mi="0" ci="7" mb="1" cb="1"/><line nr="347" mi="0" ci="1" mb="0" cb="0"/><line nr="349" mi="5" ci="0" mb="0" cb="0"/><counter type="INSTRUCTION" missed="274" covered="663"/><counter type="BRANCH" missed="83" covered="97"/><counter type="LINE" missed="49" covered="138"/><counter type="COMPLEXITY" missed="69" covered="38"/><counter type="METHOD" missed="1" covered="16"/><counter type="CLASS" missed="0" covered="1"/></sourcefile><sourcefile name="ContractService.java"/><counter type="INSTRUCTION" missed="274" covered="663"/><counter type="BRANCH" missed="83" covered="97"/><counter type="LINE" missed="49" covered="138"/><counter type="COMPLEXITY" missed="69" covered="38"/><counter type="METHOD" missed="1" covered="16"/><counter type="CLASS" missed="0" covered="1"/></package><package name="com/njustc/onlinebiz/contract/dao"><class name="com/njustc/onlinebiz/contract/dao/ContractDAO" sourcefilename="ContractDAO.java"/><class name="com/njustc/onlinebiz/contract/dao/MongoContractDAO" sourcefilename="MongoContractDAO.java"><method name="&lt;init&gt;" desc="(Lorg/springframework/data/mongodb/core/MongoTemplate;)V" line="24"><counter type="INSTRUCTION" missed="6" covered="0"/><counter type="LINE" missed="3" covered="0"/><counter type="COMPLEXITY" missed="1" covered="0"/><counter type="METHOD" missed="1" covered="0"/></method><method name="insertContract" desc="(Lcom/njustc/onlinebiz/common/model/contract/Contract;)Lcom/njustc/onlinebiz/common/model/contract/Contract;" line="30"><counter type="INSTRUCTION" missed="7" covered="0"/><counter type="LINE" missed="1" covered="0"/><counter type="COMPLEXITY" missed="1" covered="0"/><counter type="METHOD" missed="1" covered="0"/></method><method name="findContractById" desc="(Ljava/lang/String;)Lcom/njustc/onlinebiz/common/model/contract/Contract;" line="35"><counter type="INSTRUCTION" missed="8" covered="0"/><counter type="LINE" missed="1" covered="0"/><counter type="COMPLEXITY" missed="1" covered="0"/><counter type="METHOD" missed="1" covered="0"/></method><method name="updateContract" desc="(Ljava/lang/String;Lcom/njustc/onlinebiz/common/model/contract/Contract;)Ljava/lang/Boolean;" line="40"><counter type="INSTRUCTION" missed="53" covered="0"/><counter type="LINE" missed="13" covered="0"/><counter type="COMPLEXITY" missed="1" covered="0"/><counter type="METHOD" missed="1" covered="0"/></method><method name="updateCustomerId" desc="(Ljava/lang/String;Ljava/lang/Long;)Ljava/lang/Boolean;" line="57"><counter type="INSTRUCTION" missed="12" covered="0"/><counter type="LINE" missed="2" covered="0"/><counter type="COMPLEXITY" missed="1" covered="0"/><counter type="METHOD" missed="1" covered="0"/></method><method name="updateMarketerId" desc="(Ljava/lang/String;Ljava/lang/Long;)Ljava/lang/Boolean;" line="63"><counter type="INSTRUCTION" missed="12" covered="0"/><counter type="LINE" missed="2" covered="0"/><counter type="COMPLEXITY" missed="1" covered="0"/><counter type="METHOD" missed="1" covered="0"/></method><method name="updateScannedCopyPath" desc="(Ljava/lang/String;Ljava/lang/String;)Ljava/lang/Boolean;" line="69"><counter type="INSTRUCTION" missed="12" covered="0"/><counter type="LINE" missed="2" covered="0"/><counter type="COMPLEXITY" missed="1" covered="0"/><counter type="METHOD" missed="1" covered="0"/></method><method name="updateNonDisclosure" desc="(Ljava/lang/String;Lcom/njustc/onlinebiz/common/model/contract/NonDisclosureAgreement;)Ljava/lang/Boolean;" line="75"><counter type="INSTRUCTION" missed="12" covered="0"/><counter type="LINE" missed="2" covered="0"/><counter type="COMPLEXITY" missed="1" covered="0"/><counter type="METHOD" missed="1" covered="0"/></method><method name="updateStatus" desc="(Ljava/lang/String;Lcom/njustc/onlinebiz/common/model/contract/ContractStatus;)Ljava/lang/Boolean;" line="81"><counter type="INSTRUCTION" missed="12" covered="0"/><counter type="LINE" missed="2" covered="0"/><counter type="COMPLEXITY" missed="1" covered="0"/><counter type="METHOD" missed="1" covered="0"/></method><method name="updateWithContractId" desc="(Ljava/lang/String;Lorg/springframework/data/mongodb/core/query/Update;)Ljava/lang/Boolean;" line="87"><counter type="INSTRUCTION" missed="29" covered="0"/><counter type="BRANCH" missed="4" covered="0"/><counter type="LINE" missed="3" covered="0"/><counter type="COMPLEXITY" missed="3" covered="0"/><counter type="METHOD" missed="1" covered="0"/></method><method name="deleteContractById" desc="(Ljava/lang/String;)Ljava/lang/Boolean;" line="94"><counter type="INSTRUCTION" missed="28" covered="0"/><counter type="BRANCH" missed="4" covered="0"/><counter type="LINE" missed="3" covered="0"/><counter type="COMPLEXITY" missed="3" covered="0"/><counter type="METHOD" missed="1" covered="0"/></method><counter type="INSTRUCTION" missed="191" covered="0"/><counter type="BRANCH" missed="8" covered="0"/><counter type="LINE" missed="34" covered="0"/><counter type="COMPLEXITY" missed="15" covered="0"/><counter type="METHOD" missed="11" covered="0"/><counter type="CLASS" missed="1" covered="0"/></class><sourcefile name="MongoContractDAO.java"><line nr="24" mi="2" ci="0" mb="0" cb="0"/><line nr="25" mi="3" ci="0" mb="0" cb="0"/><line nr="26" mi="1" ci="0" mb="0" cb="0"/><line nr="30" mi="7" ci="0" mb="0" cb="0"/><line nr="35" mi="8" ci="0" mb="0" cb="0"/><line nr="40" mi="5" ci="0" mb="0" cb="0"/><line nr="41" mi="4" ci="0" mb="0" cb="0"/><line nr="42" mi="4" ci="0" mb="0" cb="0"/><line nr="43" mi="4" ci="0" mb="0" cb="0"/><line nr="44" mi="4" ci="0" mb="0" cb="0"/><line nr="45" mi="4" ci="0" mb="0" cb="0"/><line nr="46" mi="4" ci="0" mb="0" cb="0"/><line nr="47" mi="4" ci="0" mb="0" cb="0"/><line nr="48" mi="4" ci="0" mb="0" cb="0"/><line nr="49" mi="4" ci="0" mb="0" cb="0"/><line nr="50" mi="4" ci="0" mb="0" cb="0"/><line nr="51" mi="3" ci="0" mb="0" cb="0"/><line nr="52" mi="5" ci="0" mb="0" cb="0"/><line nr="57" mi="7" ci="0" mb="0" cb="0"/><line nr="58" mi="5" ci="0" mb="0" cb="0"/><line nr="63" mi="7" ci="0" mb="0" cb="0"/><line nr="64" mi="5" ci="0" mb="0" cb="0"/><line nr="69" mi="7" ci="0" mb="0" cb="0"/><line nr="70" mi="5" ci="0" mb="0" cb="0"/><line nr="75" mi="7" ci="0" mb="0" cb="0"/><line nr="76" mi="5" ci="0" mb="0" cb="0"/><line nr="81" mi="7" ci="0" mb="0" cb="0"/><line nr="82" mi="5" ci="0" mb="0" cb="0"/><line nr="87" mi="9" ci="0" mb="0" cb="0"/><line nr="88" mi="7" ci="0" mb="0" cb="0"/><line nr="89" mi="13" ci="0" mb="4" cb="0"/><line nr="94" mi="9" ci="0" mb="0" cb="0"/><line nr="95" mi="6" ci="0" mb="0" cb="0"/><line nr="96" mi="13" ci="0" mb="4" cb="0"/><counter type="INSTRUCTION" missed="191" covered="0"/><counter type="BRANCH" missed="8" covered="0"/><counter type="LINE" missed="34" covered="0"/><counter type="COMPLEXITY" missed="15" covered="0"/><counter type="METHOD" missed="11" covered="0"/><counter type="CLASS" missed="1" covered="0"/></sourcefile><sourcefile name="ContractDAO.java"/><counter type="INSTRUCTION" missed="191" covered="0"/><counter type="BRANCH" missed="8" covered="0"/><counter type="LINE" missed="34" covered="0"/><counter type="COMPLEXITY" missed="15" covered="0"/><counter type="METHOD" missed="11" covered="0"/><counter type="CLASS" missed="1" covered="0"/></package><counter type="INSTRUCTION" missed="671" covered="679"/><counter type="BRANCH" missed="91" covered="97"/><counter type="LINE" missed="134" covered="146"/><counter type="COMPLEXITY" missed="111" covered="42"/><counter type="METHOD" missed="39" covered="20"/><counter type="CLASS" missed="6" covered="5"/></report>